  [1m[35m (3.8ms)[0m  [1m[35mCREATE TABLE "schema_migrations" ("version" varchar NOT NULL PRIMARY KEY)[0m
  [1m[35m (1.7ms)[0m  [1m[35mCREATE TABLE "ar_internal_metadata" ("key" varchar NOT NULL PRIMARY KEY, "value" varchar, "created_at" datetime(6) NOT NULL, "updated_at" datetime(6) NOT NULL)[0m
  [1m[36mActiveRecord::SchemaMigration Pluck (0.1ms)[0m  [1m[34mSELECT "schema_migrations"."version" FROM "schema_migrations" ORDER BY "schema_migrations"."version" ASC[0m
Migrating to CreateKittens (20230718230847)
  [1m[36mTRANSACTION (0.0ms)[0m  [1m[36mbegin transaction[0m
  [1m[35m (0.1ms)[0m  [1m[35mCREATE TABLE "kittens" ("id" integer PRIMARY KEY AUTOINCREMENT NOT NULL, "name" varchar, "age" integer, "cuteness" integer, "softness" integer, "created_at" datetime(6) NOT NULL, "updated_at" datetime(6) NOT NULL)[0m
  [1m[36mActiveRecord::SchemaMigration Create (0.1ms)[0m  [1m[32mINSERT INTO "schema_migrations" ("version") VALUES (?)[0m  [["version", "20230718230847"]]
  [1m[36mTRANSACTION (1.7ms)[0m  [1m[36mcommit transaction[0m
  [1m[36mActiveRecord::InternalMetadata Load (0.1ms)[0m  [1m[34mSELECT "ar_internal_metadata".* FROM "ar_internal_metadata" WHERE "ar_internal_metadata"."key" = ? LIMIT ?[0m  [["key", "environment"], ["LIMIT", 1]]
  [1m[36mTRANSACTION (0.0ms)[0m  [1m[36mbegin transaction[0m
  [1m[36mActiveRecord::InternalMetadata Create (0.1ms)[0m  [1m[32mINSERT INTO "ar_internal_metadata" ("key", "value", "created_at", "updated_at") VALUES (?, ?, ?, ?)[0m  [["key", "environment"], ["value", "development"], ["created_at", "2023-07-18 23:08:55.795850"], ["updated_at", "2023-07-18 23:08:55.795850"]]
  [1m[36mTRANSACTION (1.2ms)[0m  [1m[36mcommit transaction[0m
  [1m[36mActiveRecord::SchemaMigration Pluck (0.0ms)[0m  [1m[34mSELECT "schema_migrations"."version" FROM "schema_migrations" ORDER BY "schema_migrations"."version" ASC[0m
  [1m[36mActiveRecord::SchemaMigration Pluck (0.5ms)[0m  [1m[34mSELECT "schema_migrations"."version" FROM "schema_migrations" ORDER BY "schema_migrations"."version" ASC[0m
Migrating to ChangeKittenColumns (20230719000026)
  [1m[36mTRANSACTION (0.1ms)[0m  [1m[36mbegin transaction[0m
  [1m[35m (0.0ms)[0m  [1m[35mPRAGMA foreign_keys[0m
  [1m[35m (0.1ms)[0m  [1m[35mPRAGMA defer_foreign_keys[0m
  [1m[35m (0.0ms)[0m  [1m[35mPRAGMA defer_foreign_keys = ON[0m
  [1m[35m (0.0ms)[0m  [1m[35mPRAGMA foreign_keys = OFF[0m
  [1m[35m (0.3ms)[0m  [1m[35mCREATE TEMPORARY TABLE "akittens" ("id" integer NOT NULL PRIMARY KEY, "name" varchar DEFAULT NULL, "age" integer DEFAULT NULL, "cuteness" integer DEFAULT NULL, "softness" integer DEFAULT NULL, "created_at" datetime(6) NOT NULL, "updated_at" datetime(6) NOT NULL)[0m
  [1m[35m (1.0ms)[0m  [1m[32mINSERT INTO "akittens" ("id","name","age","cuteness","softness","created_at","updated_at")
                     SELECT "id","name","age","cuteness","softness","created_at","updated_at" FROM "kittens"[0m
  [1m[35m (0.9ms)[0m  [1m[35mDROP TABLE "kittens"[0m
  [1m[35m (0.2ms)[0m  [1m[35mCREATE TABLE "kittens" ("id" integer NOT NULL PRIMARY KEY, "name" varchar DEFAULT NULL, "age" integer DEFAULT NULL, "cuteness" varchar DEFAULT NULL, "softness" integer DEFAULT NULL, "created_at" datetime(6) NOT NULL, "updated_at" datetime(6) NOT NULL)[0m
  [1m[35m (0.1ms)[0m  [1m[32mINSERT INTO "kittens" ("id","name","age","cuteness","softness","created_at","updated_at")
                     SELECT "id","name","age","cuteness","softness","created_at","updated_at" FROM "akittens"[0m
  [1m[35m (0.1ms)[0m  [1m[35mDROP TABLE "akittens"[0m
  [1m[35m (0.0ms)[0m  [1m[35mPRAGMA defer_foreign_keys = 0[0m
  [1m[35m (0.1ms)[0m  [1m[35mPRAGMA foreign_keys = 1[0m
  [1m[35m (0.0ms)[0m  [1m[35mPRAGMA foreign_keys[0m
  [1m[35m (0.0ms)[0m  [1m[35mPRAGMA defer_foreign_keys[0m
  [1m[35m (0.0ms)[0m  [1m[35mPRAGMA defer_foreign_keys = ON[0m
  [1m[35m (0.0ms)[0m  [1m[35mPRAGMA foreign_keys = OFF[0m
  [1m[35m (0.1ms)[0m  [1m[35mCREATE TEMPORARY TABLE "akittens" ("id" integer NOT NULL PRIMARY KEY, "name" varchar DEFAULT NULL, "age" integer DEFAULT NULL, "cuteness" varchar DEFAULT NULL, "softness" integer DEFAULT NULL, "created_at" datetime(6) NOT NULL, "updated_at" datetime(6) NOT NULL)[0m
  [1m[35m (0.1ms)[0m  [1m[32mINSERT INTO "akittens" ("id","name","age","cuteness","softness","created_at","updated_at")
                     SELECT "id","name","age","cuteness","softness","created_at","updated_at" FROM "kittens"[0m
  [1m[35m (0.1ms)[0m  [1m[35mDROP TABLE "kittens"[0m
  [1m[35m (0.1ms)[0m  [1m[35mCREATE TABLE "kittens" ("id" integer NOT NULL PRIMARY KEY, "name" varchar DEFAULT NULL, "age" integer DEFAULT NULL, "cuteness" varchar DEFAULT NULL, "softness" varchar DEFAULT NULL, "created_at" datetime(6) NOT NULL, "updated_at" datetime(6) NOT NULL)[0m
  [1m[35m (0.1ms)[0m  [1m[32mINSERT INTO "kittens" ("id","name","age","cuteness","softness","created_at","updated_at")
                     SELECT "id","name","age","cuteness","softness","created_at","updated_at" FROM "akittens"[0m
  [1m[35m (0.1ms)[0m  [1m[35mDROP TABLE "akittens"[0m
  [1m[35m (0.0ms)[0m  [1m[35mPRAGMA defer_foreign_keys = 0[0m
  [1m[35m (0.0ms)[0m  [1m[35mPRAGMA foreign_keys = 1[0m
  [1m[36mActiveRecord::SchemaMigration Create (0.7ms)[0m  [1m[32mINSERT INTO "schema_migrations" ("version") VALUES (?)[0m  [["version", "20230719000026"]]
  [1m[36mTRANSACTION (3.3ms)[0m  [1m[36mcommit transaction[0m
  [1m[36mActiveRecord::InternalMetadata Load (1.2ms)[0m  [1m[34mSELECT "ar_internal_metadata".* FROM "ar_internal_metadata" WHERE "ar_internal_metadata"."key" = ? LIMIT ?[0m  [["key", "environment"], ["LIMIT", 1]]
  [1m[36mActiveRecord::SchemaMigration Pluck (0.0ms)[0m  [1m[34mSELECT "schema_migrations"."version" FROM "schema_migrations" ORDER BY "schema_migrations"."version" ASC[0m
Started GET "/" for ::1 at 2023-07-19 09:12:12 +0900
  [1m[36mActiveRecord::SchemaMigration Pluck (0.1ms)[0m  [1m[34mSELECT "schema_migrations"."version" FROM "schema_migrations" ORDER BY "schema_migrations"."version" ASC[0m
  
SyntaxError (/home/daniel/rails/odin-kittens/app/controllers/kittens_controller.rb:56: syntax error, unexpected `end', expecting end-of-input):
  
app/controllers/kittens_controller.rb:56: syntax error, unexpected `end', expecting end-of-input
app/controllers/kittens_controller.rb:56: syntax error, unexpected `end', expecting end-of-input
app/controllers/kittens_controller.rb:56: syntax error, unexpected `end', expecting end-of-input
Started GET "/" for ::1 at 2023-07-19 09:12:12 +0900
  
SyntaxError (/home/daniel/rails/odin-kittens/app/controllers/kittens_controller.rb:56: syntax error, unexpected `end', expecting end-of-input):
  
app/controllers/kittens_controller.rb:56: syntax error, unexpected `end', expecting end-of-input
app/controllers/kittens_controller.rb:56: syntax error, unexpected `end', expecting end-of-input
app/controllers/kittens_controller.rb:56: syntax error, unexpected `end', expecting end-of-input
Started GET "/" for ::1 at 2023-07-19 09:12:26 +0900
Processing by KittensController#index as HTML
  Rendering layout layouts/application.html.erb
  Rendering kittens/index.html.erb within layouts/application
  [1m[36mKitten Load (0.0ms)[0m  [1m[34mSELECT "kittens".* FROM "kittens"[0m
  ↳ app/views/kittens/index.html.erb:4
  Rendered kittens/index.html.erb within layouts/application (Duration: 1.6ms | Allocations: 1084)
  Rendered layout layouts/application.html.erb (Duration: 208.4ms | Allocations: 87616)
Completed 200 OK in 215ms (Views: 209.3ms | ActiveRecord: 0.2ms | Allocations: 91153)


Started GET "/kittens/new" for ::1 at 2023-07-19 09:12:32 +0900
Processing by KittensController#new as HTML
  Rendering layout layouts/application.html.erb
  Rendering kittens/new.html.erb within layouts/application
  Rendered kittens/_form.html.erb (Duration: 9.8ms | Allocations: 3330)
  Rendered kittens/new.html.erb within layouts/application (Duration: 10.6ms | Allocations: 3677)
  Rendered layout layouts/application.html.erb (Duration: 15.4ms | Allocations: 6017)
Completed 200 OK in 26ms (Views: 15.9ms | ActiveRecord: 0.5ms | Allocations: 11737)


Started POST "/kittens" for ::1 at 2023-07-19 09:12:35 +0900
Processing by KittensController#create as TURBO_STREAM
  Parameters: {"authenticity_token"=>"[FILTERED]", "kitten"=>{"name"=>"", "age"=>"", "cuteness"=>"", "softness"=>""}, "commit"=>"Create Kitten"}
  [1m[36mTRANSACTION (0.1ms)[0m  [1m[36mbegin transaction[0m
  ↳ app/controllers/kittens_controller.rb:18:in `create'
  [1m[36mKitten Create (0.3ms)[0m  [1m[32mINSERT INTO "kittens" ("name", "age", "cuteness", "softness", "created_at", "updated_at") VALUES (?, ?, ?, ?, ?, ?)[0m  [["name", ""], ["age", nil], ["cuteness", ""], ["softness", ""], ["created_at", "2023-07-19 00:12:35.519233"], ["updated_at", "2023-07-19 00:12:35.519233"]]
  ↳ app/controllers/kittens_controller.rb:18:in `create'
  [1m[36mTRANSACTION (7.8ms)[0m  [1m[36mcommit transaction[0m
  ↳ app/controllers/kittens_controller.rb:18:in `create'
Redirected to http://localhost:3000/kittens/1
Completed 302 Found in 17ms (ActiveRecord: 8.2ms | Allocations: 3811)


Started GET "/kittens/1" for ::1 at 2023-07-19 09:12:35 +0900
Processing by KittensController#show as TURBO_STREAM
  Parameters: {"id"=>"1"}
  [1m[36mKitten Load (0.2ms)[0m  [1m[34mSELECT "kittens".* FROM "kittens" WHERE "kittens"."id" = ? LIMIT ?[0m  [["id", 1], ["LIMIT", 1]]
  ↳ app/controllers/kittens_controller.rb:49:in `set_kitten'
  Rendering layout layouts/application.html.erb
  Rendering kittens/show.html.erb within layouts/application
  Rendered kittens/show.html.erb within layouts/application (Duration: 1.0ms | Allocations: 483)
  Rendered layout layouts/application.html.erb (Duration: 3.6ms | Allocations: 3037)
Completed 200 OK in 8ms (Views: 4.6ms | ActiveRecord: 0.2ms | Allocations: 5826)


Started GET "/kittens/1" for ::1 at 2023-07-19 09:12:43 +0900
Processing by KittensController#show as HTML
  Parameters: {"id"=>"1"}
  [1m[36mKitten Load (0.1ms)[0m  [1m[34mSELECT "kittens".* FROM "kittens" WHERE "kittens"."id" = ? LIMIT ?[0m  [["id", 1], ["LIMIT", 1]]
  ↳ app/controllers/kittens_controller.rb:49:in `set_kitten'
  Rendering layout layouts/application.html.erb
  Rendering kittens/show.html.erb within layouts/application
  Rendered kittens/show.html.erb within layouts/application (Duration: 0.5ms | Allocations: 150)
  Rendered layout layouts/application.html.erb (Duration: 3.6ms | Allocations: 2520)
Completed 200 OK in 9ms (Views: 6.4ms | ActiveRecord: 0.1ms | Allocations: 3281)


Started GET "/kittens/1" for ::1 at 2023-07-19 09:12:45 +0900
Processing by KittensController#show as HTML
  Parameters: {"id"=>"1"}
  [1m[36mKitten Load (0.3ms)[0m  [1m[34mSELECT "kittens".* FROM "kittens" WHERE "kittens"."id" = ? LIMIT ?[0m  [["id", 1], ["LIMIT", 1]]
  ↳ app/controllers/kittens_controller.rb:49:in `set_kitten'
  Rendering layout layouts/application.html.erb
  Rendering kittens/show.html.erb within layouts/application
  Rendered kittens/show.html.erb within layouts/application (Duration: 2.9ms | Allocations: 150)
  Rendered layout layouts/application.html.erb (Duration: 9.7ms | Allocations: 2514)
Completed 200 OK in 12ms (Views: 10.1ms | ActiveRecord: 0.3ms | Allocations: 3249)


Started GET "/kittens" for ::1 at 2023-07-19 09:12:47 +0900
Processing by KittensController#index as HTML
  Rendering layout layouts/application.html.erb
  Rendering kittens/index.html.erb within layouts/application
  [1m[36mKitten Load (0.0ms)[0m  [1m[34mSELECT "kittens".* FROM "kittens"[0m
  ↳ app/views/kittens/index.html.erb:4
  Rendered kittens/index.html.erb within layouts/application (Duration: 0.6ms | Allocations: 600)
  Rendered layout layouts/application.html.erb (Duration: 2.2ms | Allocations: 2979)
Completed 200 OK in 3ms (Views: 2.4ms | ActiveRecord: 0.0ms | Allocations: 3253)


Started GET "/kittens/edit" for ::1 at 2023-07-19 09:12:59 +0900
Processing by KittensController#show as HTML
  Parameters: {"id"=>"edit"}
  [1m[36mKitten Load (0.1ms)[0m  [1m[34mSELECT "kittens".* FROM "kittens" WHERE "kittens"."id" = ? LIMIT ?[0m  [["id", nil], ["LIMIT", 1]]
  ↳ app/controllers/kittens_controller.rb:49:in `set_kitten'
Completed 404 Not Found in 2ms (ActiveRecord: 0.1ms | Allocations: 948)


  
ActiveRecord::RecordNotFound (Couldn't find Kitten with 'id'=edit):
  
app/controllers/kittens_controller.rb:49:in `set_kitten'
Started GET "/kittens/1/edit" for ::1 at 2023-07-19 09:13:15 +0900
Processing by KittensController#edit as HTML
  Parameters: {"id"=>"1"}
  [1m[36mKitten Load (0.1ms)[0m  [1m[34mSELECT "kittens".* FROM "kittens" WHERE "kittens"."id" = ? LIMIT ?[0m  [["id", 1], ["LIMIT", 1]]
  ↳ app/controllers/kittens_controller.rb:49:in `set_kitten'
  Rendering layout layouts/application.html.erb
  Rendering kittens/edit.html.erb within layouts/application
  Rendered kittens/_form.html.erb (Duration: 1.8ms | Allocations: 1519)
  Rendered kittens/edit.html.erb within layouts/application (Duration: 2.6ms | Allocations: 1880)
  Rendered layout layouts/application.html.erb (Duration: 5.0ms | Allocations: 4089)
Completed 200 OK in 16ms (Views: 6.9ms | ActiveRecord: 0.1ms | Allocations: 4878)


Started GET "/kittens/1" for ::1 at 2023-07-19 09:13:19 +0900
Processing by KittensController#show as HTML
  Parameters: {"id"=>"1"}
  [1m[36mKitten Load (0.1ms)[0m  [1m[34mSELECT "kittens".* FROM "kittens" WHERE "kittens"."id" = ? LIMIT ?[0m  [["id", 1], ["LIMIT", 1]]
  ↳ app/controllers/kittens_controller.rb:49:in `set_kitten'
  Rendering layout layouts/application.html.erb
  Rendering kittens/show.html.erb within layouts/application
  Rendered kittens/show.html.erb within layouts/application (Duration: 0.3ms | Allocations: 150)
  Rendered layout layouts/application.html.erb (Duration: 4.0ms | Allocations: 2510)
Completed 200 OK in 6ms (Views: 4.6ms | ActiveRecord: 0.1ms | Allocations: 3245)


Started GET "/kittens/1" for ::1 at 2023-07-19 09:13:21 +0900
Processing by KittensController#show as HTML
  Parameters: {"id"=>"1"}
  [1m[36mKitten Load (0.1ms)[0m  [1m[34mSELECT "kittens".* FROM "kittens" WHERE "kittens"."id" = ? LIMIT ?[0m  [["id", 1], ["LIMIT", 1]]
  ↳ app/controllers/kittens_controller.rb:49:in `set_kitten'
  Rendering layout layouts/application.html.erb
  Rendering kittens/show.html.erb within layouts/application
  Rendered kittens/show.html.erb within layouts/application (Duration: 0.6ms | Allocations: 150)
  Rendered layout layouts/application.html.erb (Duration: 4.0ms | Allocations: 2507)
Completed 200 OK in 6ms (Views: 4.7ms | ActiveRecord: 0.1ms | Allocations: 3242)


Started GET "/kittens/1" for ::1 at 2023-07-19 09:13:22 +0900
Processing by KittensController#show as HTML
  Parameters: {"id"=>"1"}
  [1m[36mKitten Load (0.1ms)[0m  [1m[34mSELECT "kittens".* FROM "kittens" WHERE "kittens"."id" = ? LIMIT ?[0m  [["id", 1], ["LIMIT", 1]]
  ↳ app/controllers/kittens_controller.rb:49:in `set_kitten'
  Rendering layout layouts/application.html.erb
  Rendering kittens/show.html.erb within layouts/application
  Rendered kittens/show.html.erb within layouts/application (Duration: 0.4ms | Allocations: 150)
  Rendered layout layouts/application.html.erb (Duration: 5.0ms | Allocations: 2525)
Completed 200 OK in 11ms (Views: 7.2ms | ActiveRecord: 0.1ms | Allocations: 3260)


Started GET "/kittens/1" for ::1 at 2023-07-19 09:13:22 +0900
Processing by KittensController#show as HTML
  Parameters: {"id"=>"1"}
  [1m[36mKitten Load (0.1ms)[0m  [1m[34mSELECT "kittens".* FROM "kittens" WHERE "kittens"."id" = ? LIMIT ?[0m  [["id", 1], ["LIMIT", 1]]
  ↳ app/controllers/kittens_controller.rb:49:in `set_kitten'
  Rendering layout layouts/application.html.erb
  Rendering kittens/show.html.erb within layouts/application
  Rendered kittens/show.html.erb within layouts/application (Duration: 0.7ms | Allocations: 150)
  Rendered layout layouts/application.html.erb (Duration: 3.8ms | Allocations: 2516)
Completed 200 OK in 9ms (Views: 4.3ms | ActiveRecord: 0.1ms | Allocations: 3251)


Started GET "/kittens" for ::1 at 2023-07-19 09:14:00 +0900
Processing by KittensController#index as HTML
  Rendering layout layouts/application.html.erb
  Rendering kittens/index.html.erb within layouts/application
  [1m[36mKitten Load (0.1ms)[0m  [1m[34mSELECT "kittens".* FROM "kittens"[0m
  ↳ app/views/kittens/index.html.erb:4
  Rendered kittens/index.html.erb within layouts/application (Duration: 1.0ms | Allocations: 595)
  Rendered layout layouts/application.html.erb (Duration: 3.6ms | Allocations: 2963)
Completed 200 OK in 5ms (Views: 4.1ms | ActiveRecord: 0.1ms | Allocations: 3236)


Started GET "/" for ::1 at 2023-07-19 09:18:47 +0900
Processing by KittensController#index as HTML
  Rendering layout layouts/application.html.erb
  Rendering kittens/index.html.erb within layouts/application
  [1m[36mKitten Load (0.0ms)[0m  [1m[34mSELECT "kittens".* FROM "kittens"[0m
  ↳ app/views/kittens/index.html.erb:4
  Rendered kittens/index.html.erb within layouts/application (Duration: 2.2ms | Allocations: 854)
  Rendered layout layouts/application.html.erb (Duration: 17.4ms | Allocations: 14866)
Completed 200 OK in 20ms (Views: 18.8ms | ActiveRecord: 0.3ms | Allocations: 16351)


Started GET "/" for ::1 at 2023-07-19 09:18:47 +0900
Processing by KittensController#index as HTML
  Rendering layout layouts/application.html.erb
  Rendering kittens/index.html.erb within layouts/application
  [1m[36mKitten Load (0.1ms)[0m  [1m[34mSELECT "kittens".* FROM "kittens"[0m
  ↳ app/views/kittens/index.html.erb:4
  Rendered kittens/index.html.erb within layouts/application (Duration: 0.6ms | Allocations: 530)
  Rendered layout layouts/application.html.erb (Duration: 2.2ms | Allocations: 2887)
Completed 200 OK in 3ms (Views: 2.4ms | ActiveRecord: 0.1ms | Allocations: 3209)


Started GET "/kittens/new" for ::1 at 2023-07-19 09:18:53 +0900
Processing by KittensController#new as HTML
  Rendering layout layouts/application.html.erb
  Rendering kittens/new.html.erb within layouts/application
  Rendered kittens/_form.html.erb (Duration: 1.5ms | Allocations: 1510)
  Rendered kittens/new.html.erb within layouts/application (Duration: 2.4ms | Allocations: 1616)
  Rendered layout layouts/application.html.erb (Duration: 4.3ms | Allocations: 3833)
Completed 200 OK in 7ms (Views: 4.7ms | ActiveRecord: 0.3ms | Allocations: 6128)


Started POST "/kittens" for ::1 at 2023-07-19 09:19:01 +0900
Processing by KittensController#create as TURBO_STREAM
  Parameters: {"authenticity_token"=>"[FILTERED]", "kitten"=>{"name"=>"odin", "age"=>"10", "cuteness"=>"", "softness"=>"10"}, "commit"=>"Create Kitten"}
  Rendering layout layouts/application.html.erb
  Rendering kittens/new.html.erb within layouts/application
  Rendered kittens/_form.html.erb (Duration: 3.8ms | Allocations: 2156)
  Rendered kittens/new.html.erb within layouts/application (Duration: 4.2ms | Allocations: 2290)
  Rendered layout layouts/application.html.erb (Duration: 8.0ms | Allocations: 4479)
Completed 200 OK in 11ms (Views: 8.7ms | ActiveRecord: 0.0ms | Allocations: 5718)


Started POST "/kittens" for ::1 at 2023-07-19 09:19:02 +0900
Processing by KittensController#create as TURBO_STREAM
  Parameters: {"authenticity_token"=>"[FILTERED]", "kitten"=>{"name"=>"odin", "age"=>"10", "cuteness"=>"", "softness"=>"10"}, "commit"=>"Create Kitten"}
  Rendering layout layouts/application.html.erb
  Rendering kittens/new.html.erb within layouts/application
  Rendered kittens/_form.html.erb (Duration: 2.6ms | Allocations: 2052)
  Rendered kittens/new.html.erb within layouts/application (Duration: 2.9ms | Allocations: 2142)
  Rendered layout layouts/application.html.erb (Duration: 5.8ms | Allocations: 4331)
Completed 200 OK in 8ms (Views: 6.7ms | ActiveRecord: 0.0ms | Allocations: 5399)


Started POST "/kittens" for ::1 at 2023-07-19 09:19:02 +0900
Processing by KittensController#create as TURBO_STREAM
  Parameters: {"authenticity_token"=>"[FILTERED]", "kitten"=>{"name"=>"odin", "age"=>"10", "cuteness"=>"", "softness"=>"10"}, "commit"=>"Create Kitten"}
  Rendering layout layouts/application.html.erb
  Rendering kittens/new.html.erb within layouts/application
  Rendered kittens/_form.html.erb (Duration: 3.0ms | Allocations: 2051)
  Rendered kittens/new.html.erb within layouts/application (Duration: 3.6ms | Allocations: 2141)
  Rendered layout layouts/application.html.erb (Duration: 8.4ms | Allocations: 4330)
Completed 200 OK in 11ms (Views: 9.2ms | ActiveRecord: 0.0ms | Allocations: 5386)


Started POST "/kittens" for ::1 at 2023-07-19 09:19:02 +0900
Processing by KittensController#create as TURBO_STREAM
  Parameters: {"authenticity_token"=>"[FILTERED]", "kitten"=>{"name"=>"odin", "age"=>"10", "cuteness"=>"", "softness"=>"10"}, "commit"=>"Create Kitten"}
  Rendering layout layouts/application.html.erb
  Rendering kittens/new.html.erb within layouts/application
  Rendered kittens/_form.html.erb (Duration: 3.5ms | Allocations: 2051)
  Rendered kittens/new.html.erb within layouts/application (Duration: 3.8ms | Allocations: 2141)
  Rendered layout layouts/application.html.erb (Duration: 7.1ms | Allocations: 4330)
Completed 200 OK in 10ms (Views: 8.0ms | ActiveRecord: 0.0ms | Allocations: 5380)


Started POST "/kittens" for ::1 at 2023-07-19 09:20:13 +0900
Processing by KittensController#create as TURBO_STREAM
  Parameters: {"authenticity_token"=>"[FILTERED]", "kitten"=>{"name"=>"odin", "age"=>"10", "cuteness"=>"", "softness"=>"10"}, "commit"=>"Create Kitten"}
  Rendering layout layouts/application.html.erb
  Rendering kittens/new.html.erb within layouts/application
  Rendered kittens/_form.html.erb (Duration: 8.7ms | Allocations: 2051)
  Rendered kittens/new.html.erb within layouts/application (Duration: 9.6ms | Allocations: 2141)
  Rendered layout layouts/application.html.erb (Duration: 12.8ms | Allocations: 4343)
Completed 200 OK in 16ms (Views: 13.4ms | ActiveRecord: 0.0ms | Allocations: 5399)


Started POST "/kittens" for ::1 at 2023-07-19 09:20:13 +0900
Processing by KittensController#create as TURBO_STREAM
  Parameters: {"authenticity_token"=>"[FILTERED]", "kitten"=>{"name"=>"odin", "age"=>"10", "cuteness"=>"", "softness"=>"10"}, "commit"=>"Create Kitten"}
  Rendering layout layouts/application.html.erb
  Rendering kittens/new.html.erb within layouts/application
  Rendered kittens/_form.html.erb (Duration: 3.3ms | Allocations: 2051)
  Rendered kittens/new.html.erb within layouts/application (Duration: 3.8ms | Allocations: 2141)
  Rendered layout layouts/application.html.erb (Duration: 7.5ms | Allocations: 4330)
Completed 200 OK in 10ms (Views: 8.4ms | ActiveRecord: 0.0ms | Allocations: 5365)


Started POST "/kittens" for ::1 at 2023-07-19 09:20:14 +0900
Processing by KittensController#create as TURBO_STREAM
  Parameters: {"authenticity_token"=>"[FILTERED]", "kitten"=>{"name"=>"odin", "age"=>"10", "cuteness"=>"", "softness"=>"10"}, "commit"=>"Create Kitten"}
  Rendering layout layouts/application.html.erb
  Rendering kittens/new.html.erb within layouts/application
  Rendered kittens/_form.html.erb (Duration: 3.0ms | Allocations: 2051)
  Rendered kittens/new.html.erb within layouts/application (Duration: 3.3ms | Allocations: 2141)
  Rendered layout layouts/application.html.erb (Duration: 7.3ms | Allocations: 4337)
Completed 200 OK in 10ms (Views: 7.8ms | ActiveRecord: 0.0ms | Allocations: 5397)


Started POST "/kittens" for ::1 at 2023-07-19 09:20:14 +0900
Processing by KittensController#create as TURBO_STREAM
  Parameters: {"authenticity_token"=>"[FILTERED]", "kitten"=>{"name"=>"odin", "age"=>"10", "cuteness"=>"", "softness"=>"10"}, "commit"=>"Create Kitten"}
  Rendering layout layouts/application.html.erb
  Rendering kittens/new.html.erb within layouts/application
  Rendered kittens/_form.html.erb (Duration: 2.9ms | Allocations: 2051)
  Rendered kittens/new.html.erb within layouts/application (Duration: 3.6ms | Allocations: 2141)
  Rendered layout layouts/application.html.erb (Duration: 7.0ms | Allocations: 4330)
Completed 200 OK in 9ms (Views: 7.6ms | ActiveRecord: 0.0ms | Allocations: 5389)


Started GET "/kittens" for ::1 at 2023-07-19 09:20:14 +0900
Processing by KittensController#index as HTML
  Rendering layout layouts/application.html.erb
  Rendering kittens/index.html.erb within layouts/application
  [1m[36mKitten Load (0.1ms)[0m  [1m[34mSELECT "kittens".* FROM "kittens"[0m
  ↳ app/views/kittens/index.html.erb:4
  Rendered kittens/index.html.erb within layouts/application (Duration: 0.6ms | Allocations: 532)
  Rendered layout layouts/application.html.erb (Duration: 2.5ms | Allocations: 2892)
Completed 200 OK in 3ms (Views: 2.7ms | ActiveRecord: 0.1ms | Allocations: 3166)


Started GET "/kittens/new" for ::1 at 2023-07-19 09:20:18 +0900
Processing by KittensController#new as HTML
  Rendering layout layouts/application.html.erb
  Rendering kittens/new.html.erb within layouts/application
  Rendered kittens/_form.html.erb (Duration: 1.9ms | Allocations: 1340)
  Rendered kittens/new.html.erb within layouts/application (Duration: 2.1ms | Allocations: 1427)
  Rendered layout layouts/application.html.erb (Duration: 5.1ms | Allocations: 3654)
Completed 200 OK in 6ms (Views: 5.6ms | ActiveRecord: 0.0ms | Allocations: 3929)


Started POST "/kittens" for ::1 at 2023-07-19 09:20:32 +0900
Processing by KittensController#create as TURBO_STREAM
  Parameters: {"authenticity_token"=>"[FILTERED]", "kitten"=>{"name"=>"odin", "age"=>"10", "cuteness"=>"", "softness"=>"10"}, "commit"=>"Create Kitten"}
  Rendering layout layouts/application.html.erb
  Rendering kittens/new.html.erb within layouts/application
  Rendered kittens/_form.html.erb (Duration: 3.0ms | Allocations: 2051)
  Rendered kittens/new.html.erb within layouts/application (Duration: 3.3ms | Allocations: 2141)
  Rendered layout layouts/application.html.erb (Duration: 6.0ms | Allocations: 4343)
Completed 200 OK in 9ms (Views: 6.8ms | ActiveRecord: 0.0ms | Allocations: 5398)


Started POST "/kittens" for ::1 at 2023-07-19 09:22:15 +0900
Processing by KittensController#create as TURBO_STREAM
  Parameters: {"authenticity_token"=>"[FILTERED]", "kitten"=>{"name"=>"odin", "age"=>"10", "cuteness"=>"", "softness"=>"10"}, "commit"=>"Create Kitten"}
  Rendering layout layouts/application.html.erb
  Rendering kittens/new.html.erb within layouts/application
  Rendered kittens/_form.html.erb (Duration: 1.3ms | Allocations: 2270)
  Rendered kittens/new.html.erb within layouts/application (Duration: 1.8ms | Allocations: 2386)
  Rendered layout layouts/application.html.erb (Duration: 8.5ms | Allocations: 16123)
Completed 200 OK in 15ms (Views: 9.2ms | ActiveRecord: 0.4ms | Allocations: 20939)


Started POST "/kittens" for ::1 at 2023-07-19 09:24:29 +0900
Processing by KittensController#create as TURBO_STREAM
  Parameters: {"authenticity_token"=>"[FILTERED]", "kitten"=>{"name"=>"odin", "age"=>"10", "cuteness"=>"", "softness"=>"10"}, "commit"=>"Create Kitten"}
  Rendering layout layouts/application.html.erb
  Rendering kittens/new.html.erb within layouts/application
  Rendered kittens/_form.html.erb (Duration: 3.5ms | Allocations: 2677)
  Rendered kittens/new.html.erb within layouts/application (Duration: 4.8ms | Allocations: 3012)
  Rendered layout layouts/application.html.erb (Duration: 5.0ms | Allocations: 3097)
Completed 500 Internal Server Error in 10ms (ActiveRecord: 0.0ms | Allocations: 4953)


  
ActionView::Template::Error (undefined method `errors' for #<ActionView::Helpers::FormBuilder:0x00007f914a900b90 @nested_child_index={}, @options={:allow_method_names_outside_object=>true, :skip_default_ids=>false, :local=>true}, @template=#<ActionView::Base:0x00000000017c50>, @object=#<Kitten id: nil, name: "odin", age: 10, cuteness: "", softness: "10", created_at: nil, updated_at: nil>, @object_name="kitten", @default_options={:skip_default_ids=>false, :allow_method_names_outside_object=>true}, @default_html_options={}, @multipart=nil, @index=nil>

'.freeze;   if form.errors.any? 
                   ^^^^^^^):
    1: <%= form_with(model: kitten, local: true) do |form| %>
    2:   <% if form.errors.any? %>
    3:     <div id="error_explanation">
    4:       <h2><%= pluralize(form.errors.count, "error") %> prohibited this kitten from being saved:</h2>
    5: 
  
app/views/kittens/_form.html.erb:2
app/views/kittens/_form.html.erb:1
app/views/kittens/new.html.erb:3
app/controllers/kittens_controller.rb:23:in `create'
Started GET "/kittens/new" for ::1 at 2023-07-19 09:25:31 +0900
Processing by KittensController#new as HTML
  Rendering layout layouts/application.html.erb
  Rendering kittens/new.html.erb within layouts/application
  Rendered kittens/_form.html.erb (Duration: 2.5ms | Allocations: 1940)
  Rendered kittens/new.html.erb within layouts/application (Duration: 3.1ms | Allocations: 2257)
  Rendered layout layouts/application.html.erb (Duration: 6.1ms | Allocations: 4997)
Completed 200 OK in 9ms (Views: 7.7ms | ActiveRecord: 0.0ms | Allocations: 5983)


Started POST "/kittens" for ::1 at 2023-07-19 09:25:37 +0900
Processing by KittensController#create as TURBO_STREAM
  Parameters: {"authenticity_token"=>"[FILTERED]", "kitten"=>{"name"=>"odin", "age"=>"10", "cuteness"=>"", "softness"=>"10"}, "commit"=>"Create Kitten"}
  Rendering layout layouts/application.html.erb
  Rendering kittens/new.html.erb within layouts/application
  Rendered kittens/_form.html.erb (Duration: 3.9ms | Allocations: 2228)
  Rendered kittens/new.html.erb within layouts/application (Duration: 4.3ms | Allocations: 2336)
  Rendered layout layouts/application.html.erb (Duration: 4.6ms | Allocations: 2415)
Completed 500 Internal Server Error in 8ms (ActiveRecord: 0.0ms | Allocations: 3576)


  
ActionView::Template::Error (undefined method `errors' for #<ActionView::Helpers::FormBuilder:0x00007f914a88f490 @nested_child_index={}, @options={:allow_method_names_outside_object=>true, :skip_default_ids=>false, :local=>true}, @template=#<ActionView::Base:0x00000000018088>, @object=#<Kitten id: nil, name: "odin", age: 10, cuteness: "", softness: "10", created_at: nil, updated_at: nil>, @object_name="kitten", @default_options={:skip_default_ids=>false, :allow_method_names_outside_object=>true}, @default_html_options={}, @multipart=nil, @index=nil>

      <h2>'.freeze;@output_buffer.append=( pluralize(form.errors.count, "error") );@output_buffer.safe_append=' prohibited this kitten from being saved:</h2>
                                                         ^^^^^^^):
    1: <%= form_with(model: kitten, local: true) do |form| %>
    2:   <% if form.object.errors.any? %>
    3:     <div id="error_explanation">
    4:       <h2><%= pluralize(form.errors.count, "error") %> prohibited this kitten from being saved:</h2>
    5: 
    6:       <ul>
    7:         <% form.errors.object.full_messages.each do |message| %>
  
app/views/kittens/_form.html.erb:4
app/views/kittens/_form.html.erb:1
app/views/kittens/new.html.erb:3
app/controllers/kittens_controller.rb:23:in `create'
Started GET "/kittens/new" for ::1 at 2023-07-19 09:26:50 +0900
Processing by KittensController#new as HTML
  Rendering layout layouts/application.html.erb
  Rendering kittens/new.html.erb within layouts/application
  Rendered kittens/_form.html.erb (Duration: 4.0ms | Allocations: 1922)
  Rendered kittens/new.html.erb within layouts/application (Duration: 7.0ms | Allocations: 2239)
  Rendered layout layouts/application.html.erb (Duration: 9.4ms | Allocations: 4979)
Completed 200 OK in 15ms (Views: 14.0ms | ActiveRecord: 0.0ms | Allocations: 5899)


Started POST "/kittens" for ::1 at 2023-07-19 09:26:55 +0900
Processing by KittensController#create as TURBO_STREAM
  Parameters: {"authenticity_token"=>"[FILTERED]", "kitten"=>{"name"=>"odin", "age"=>"10", "cuteness"=>"", "softness"=>"10"}, "commit"=>"Create Kitten"}
  Rendering layout layouts/application.html.erb
  Rendering kittens/new.html.erb within layouts/application
  Rendered kittens/_form.html.erb (Duration: 4.5ms | Allocations: 2055)
  Rendered kittens/new.html.erb within layouts/application (Duration: 4.9ms | Allocations: 2188)
  Rendered layout layouts/application.html.erb (Duration: 8.0ms | Allocations: 4377)
Completed 200 OK in 12ms (Views: 9.9ms | ActiveRecord: 0.0ms | Allocations: 5549)


Started POST "/kittens" for ::1 at 2023-07-19 09:27:09 +0900
Processing by KittensController#create as TURBO_STREAM
  Parameters: {"authenticity_token"=>"[FILTERED]", "kitten"=>{"name"=>"odin", "age"=>"10", "cuteness"=>"", "softness"=>"10"}, "commit"=>"Create Kitten"}
  Rendering layout layouts/application.html.erb
  Rendering kittens/new.html.erb within layouts/application
  Rendered kittens/_form.html.erb (Duration: 3.6ms | Allocations: 2045)
  Rendered kittens/new.html.erb within layouts/application (Duration: 4.2ms | Allocations: 2135)
  Rendered layout layouts/application.html.erb (Duration: 9.3ms | Allocations: 4324)
Completed 200 OK in 13ms (Views: 10.0ms | ActiveRecord: 0.0ms | Allocations: 5391)


Started POST "/kittens" for ::1 at 2023-07-19 09:27:51 +0900
Processing by KittensController#create as TURBO_STREAM
  Parameters: {"authenticity_token"=>"[FILTERED]", "kitten"=>{"name"=>"odin", "age"=>"10", "cuteness"=>"", "softness"=>"10"}, "commit"=>"Create Kitten"}
  Rendering layout layouts/application.html.erb
  Rendering kittens/new.html.erb within layouts/application
  Rendered kittens/_form.html.erb (Duration: 4.0ms | Allocations: 2578)
  Rendered kittens/new.html.erb within layouts/application (Duration: 5.6ms | Allocations: 2941)
  Rendered layout layouts/application.html.erb (Duration: 10.1ms | Allocations: 5644)
Completed 200 OK in 16ms (Views: 13.4ms | ActiveRecord: 0.0ms | Allocations: 7392)


Started POST "/kittens" for ::1 at 2023-07-19 09:27:52 +0900
Processing by KittensController#create as TURBO_STREAM
  Parameters: {"authenticity_token"=>"[FILTERED]", "kitten"=>{"name"=>"odin", "age"=>"10", "cuteness"=>"", "softness"=>"10"}, "commit"=>"Create Kitten"}
  Rendering layout layouts/application.html.erb
  Rendering kittens/new.html.erb within layouts/application
  Rendered kittens/_form.html.erb (Duration: 4.5ms | Allocations: 2045)
  Rendered kittens/new.html.erb within layouts/application (Duration: 5.2ms | Allocations: 2135)
  Rendered layout layouts/application.html.erb (Duration: 14.7ms | Allocations: 4335)
Completed 200 OK in 18ms (Views: 15.6ms | ActiveRecord: 0.0ms | Allocations: 5512)


Started POST "/kittens" for ::1 at 2023-07-19 09:27:52 +0900
Processing by KittensController#create as TURBO_STREAM
  Parameters: {"authenticity_token"=>"[FILTERED]", "kitten"=>{"name"=>"odin", "age"=>"10", "cuteness"=>"", "softness"=>"10"}, "commit"=>"Create Kitten"}
  Rendering layout layouts/application.html.erb
  Rendering kittens/new.html.erb within layouts/application
  Rendered kittens/_form.html.erb (Duration: 4.6ms | Allocations: 2045)
  Rendered kittens/new.html.erb within layouts/application (Duration: 5.2ms | Allocations: 2135)
  Rendered layout layouts/application.html.erb (Duration: 8.7ms | Allocations: 4327)
Completed 200 OK in 11ms (Views: 9.6ms | ActiveRecord: 0.0ms | Allocations: 5391)


Started POST "/kittens" for ::1 at 2023-07-19 09:27:52 +0900
Processing by KittensController#create as TURBO_STREAM
  Parameters: {"authenticity_token"=>"[FILTERED]", "kitten"=>{"name"=>"odin", "age"=>"10", "cuteness"=>"", "softness"=>"10"}, "commit"=>"Create Kitten"}
  Rendering layout layouts/application.html.erb
  Rendering kittens/new.html.erb within layouts/application
  Rendered kittens/_form.html.erb (Duration: 2.4ms | Allocations: 2045)
  Rendered kittens/new.html.erb within layouts/application (Duration: 2.9ms | Allocations: 2135)
  Rendered layout layouts/application.html.erb (Duration: 7.9ms | Allocations: 4324)
Completed 200 OK in 13ms (Views: 8.8ms | ActiveRecord: 0.0ms | Allocations: 5397)


Started POST "/kittens" for ::1 at 2023-07-19 09:27:52 +0900
Processing by KittensController#create as TURBO_STREAM
  Parameters: {"authenticity_token"=>"[FILTERED]", "kitten"=>{"name"=>"odin", "age"=>"10", "cuteness"=>"", "softness"=>"10"}, "commit"=>"Create Kitten"}
  Rendering layout layouts/application.html.erb
  Rendering kittens/new.html.erb within layouts/application
  Rendered kittens/_form.html.erb (Duration: 1.6ms | Allocations: 2045)
  Rendered kittens/new.html.erb within layouts/application (Duration: 1.7ms | Allocations: 2135)
  Rendered layout layouts/application.html.erb (Duration: 3.6ms | Allocations: 4324)
Completed 200 OK in 5ms (Views: 3.9ms | ActiveRecord: 0.0ms | Allocations: 5386)


Started GET "/kittens/new" for ::1 at 2023-07-19 09:27:58 +0900
Processing by KittensController#new as HTML
  Rendering layout layouts/application.html.erb
  Rendering kittens/new.html.erb within layouts/application
  Rendered kittens/_form.html.erb (Duration: 2.1ms | Allocations: 1361)
  Rendered kittens/new.html.erb within layouts/application (Duration: 3.8ms | Allocations: 1474)
  Rendered layout layouts/application.html.erb (Duration: 6.5ms | Allocations: 3679)
Completed 200 OK in 7ms (Views: 7.0ms | ActiveRecord: 0.0ms | Allocations: 3955)


Started POST "/kittens" for ::1 at 2023-07-19 09:28:05 +0900
Processing by KittensController#create as TURBO_STREAM
  Parameters: {"authenticity_token"=>"[FILTERED]", "kitten"=>{"name"=>"odin", "age"=>"10", "cuteness"=>"", "softness"=>"10"}, "commit"=>"Create Kitten"}
  Rendering layout layouts/application.html.erb
  Rendering kittens/new.html.erb within layouts/application
  Rendered kittens/_form.html.erb (Duration: 3.4ms | Allocations: 2045)
  Rendered kittens/new.html.erb within layouts/application (Duration: 4.2ms | Allocations: 2135)
  Rendered layout layouts/application.html.erb (Duration: 9.5ms | Allocations: 4337)
Completed 200 OK in 13ms (Views: 10.6ms | ActiveRecord: 0.0ms | Allocations: 5401)


Started POST "/kittens" for ::1 at 2023-07-19 09:28:38 +0900
Processing by KittensController#create as TURBO_STREAM
  Parameters: {"authenticity_token"=>"[FILTERED]", "kitten"=>{"name"=>"odin", "age"=>"10", "cuteness"=>"", "softness"=>"10"}, "commit"=>"Create Kitten"}
  Rendering layout layouts/application.html.erb
  Rendering kittens/new.html.erb within layouts/application
  Rendered kittens/_form.html.erb (Duration: 4.8ms | Allocations: 2554)
  Rendered kittens/new.html.erb within layouts/application (Duration: 6.1ms | Allocations: 2922)
  Rendered layout layouts/application.html.erb (Duration: 11.6ms | Allocations: 5626)
Completed 200 OK in 17ms (Views: 14.9ms | ActiveRecord: 0.0ms | Allocations: 7374)


Started GET "/kittens/new" for ::1 at 2023-07-19 09:28:40 +0900
Processing by KittensController#new as HTML
  Rendering layout layouts/application.html.erb
  Rendering kittens/new.html.erb within layouts/application
  Rendered kittens/_form.html.erb (Duration: 1.9ms | Allocations: 1359)
  Rendered kittens/new.html.erb within layouts/application (Duration: 2.2ms | Allocations: 1446)
  Rendered layout layouts/application.html.erb (Duration: 5.8ms | Allocations: 3655)
Completed 200 OK in 7ms (Views: 6.3ms | ActiveRecord: 0.0ms | Allocations: 3970)


Started POST "/kittens" for ::1 at 2023-07-19 09:28:48 +0900
Processing by KittensController#create as TURBO_STREAM
  Parameters: {"authenticity_token"=>"[FILTERED]", "kitten"=>{"name"=>"odin", "age"=>"10", "cuteness"=>"", "softness"=>"10"}, "button"=>""}
  Rendering layout layouts/application.html.erb
  Rendering kittens/new.html.erb within layouts/application
  Rendered kittens/_form.html.erb (Duration: 3.5ms | Allocations: 2023)
  Rendered kittens/new.html.erb within layouts/application (Duration: 4.0ms | Allocations: 2113)
  Rendered layout layouts/application.html.erb (Duration: 7.9ms | Allocations: 4302)
Completed 200 OK in 11ms (Views: 8.7ms | ActiveRecord: 0.0ms | Allocations: 5397)


Started GET "/kittens/new" for ::1 at 2023-07-19 09:34:14 +0900
Processing by KittensController#new as HTML
  Rendering layout layouts/application.html.erb
  Rendering kittens/new.html.erb within layouts/application
  Rendered kittens/_form.html.erb (Duration: 3.8ms | Allocations: 1917)
  Rendered kittens/new.html.erb within layouts/application (Duration: 6.7ms | Allocations: 2234)
  Rendered layout layouts/application.html.erb (Duration: 9.8ms | Allocations: 4259)
Completed 200 OK in 16ms (Views: 15.4ms | Allocations: 5170)


Started POST "/kittens" for ::1 at 2023-07-19 09:34:19 +0900
Processing by KittensController#create as TURBO_STREAM
  Parameters: {"authenticity_token"=>"[FILTERED]", "kitten"=>{"name"=>"odin", "age"=>"10", "cuteness"=>"", "softness"=>"10"}, "button"=>""}
  Rendering layout layouts/application.html.erb
  Rendering kittens/new.html.erb within layouts/application
  Rendered kittens/_form.html.erb (Duration: 3.3ms | Allocations: 2033)
  Rendered kittens/new.html.erb within layouts/application (Duration: 3.6ms | Allocations: 2166)
  Rendered layout layouts/application.html.erb (Duration: 5.7ms | Allocations: 3667)
Completed 200 OK in 16ms (Views: 12.4ms | ActiveRecord: 0.5ms | Allocations: 5022)


Started POST "/kittens" for ::1 at 2023-07-19 09:39:24 +0900
Processing by KittensController#create as TURBO_STREAM
  Parameters: {"authenticity_token"=>"[FILTERED]", "kitten"=>{"name"=>"odin", "age"=>"10", "cuteness"=>"", "softness"=>"10"}, "button"=>""}
  Rendering layout layouts/application.html.erb
  Rendering kittens/new.html.erb within layouts/application
  Rendered kittens/_form.html.erb (Duration: 11.0ms | Allocations: 2551)
  Rendered kittens/new.html.erb within layouts/application (Duration: 13.1ms | Allocations: 2917)
  Rendered layout layouts/application.html.erb (Duration: 17.0ms | Allocations: 4956)
Completed 200 OK in 24ms (Views: 20.2ms | ActiveRecord: 0.0ms | Allocations: 6716)


Started POST "/kittens" for ::1 at 2023-07-19 09:39:24 +0900
Processing by KittensController#create as TURBO_STREAM
  Parameters: {"authenticity_token"=>"[FILTERED]", "kitten"=>{"name"=>"odin", "age"=>"10", "cuteness"=>"", "softness"=>"10"}, "button"=>""}
  Rendering layout layouts/application.html.erb
  Rendering kittens/new.html.erb within layouts/application
  Rendered kittens/_form.html.erb (Duration: 2.3ms | Allocations: 2023)
  Rendered kittens/new.html.erb within layouts/application (Duration: 2.6ms | Allocations: 2113)
  Rendered layout layouts/application.html.erb (Duration: 4.4ms | Allocations: 3609)
Completed 200 OK in 7ms (Views: 4.9ms | ActiveRecord: 0.0ms | Allocations: 4774)


Started GET "/" for ::1 at 2023-07-19 09:39:30 +0900
  [1m[36mActiveRecord::SchemaMigration Pluck (0.1ms)[0m  [1m[34mSELECT "schema_migrations"."version" FROM "schema_migrations" ORDER BY "schema_migrations"."version" ASC[0m
Processing by KittensController#index as HTML
  Rendering layout layouts/application.html.erb
  Rendering kittens/index.html.erb within layouts/application
  [1m[36mKitten Load (0.2ms)[0m  [1m[34mSELECT "kittens".* FROM "kittens"[0m
  ↳ app/views/kittens/index.html.erb:4
  Rendered kittens/index.html.erb within layouts/application (Duration: 1.8ms | Allocations: 1144)
  Rendered layout layouts/application.html.erb (Duration: 45.4ms | Allocations: 35626)
Completed 200 OK in 52ms (Views: 46.6ms | ActiveRecord: 0.2ms | Allocations: 40761)


Started GET "/" for ::1 at 2023-07-19 09:39:30 +0900
Processing by KittensController#index as HTML
  Rendering layout layouts/application.html.erb
  Rendering kittens/index.html.erb within layouts/application
  [1m[36mKitten Load (0.1ms)[0m  [1m[34mSELECT "kittens".* FROM "kittens"[0m
  ↳ app/views/kittens/index.html.erb:4
  Rendered kittens/index.html.erb within layouts/application (Duration: 0.7ms | Allocations: 587)
  Rendered layout layouts/application.html.erb (Duration: 1.9ms | Allocations: 2452)
Completed 200 OK in 2ms (Views: 2.1ms | ActiveRecord: 0.1ms | Allocations: 2787)


Started GET "/kittens/new" for ::1 at 2023-07-19 09:39:34 +0900
Processing by KittensController#new as HTML
  Rendering layout layouts/application.html.erb
  Rendering kittens/new.html.erb within layouts/application
  Rendered kittens/_form.html.erb (Duration: 5.8ms | Allocations: 2922)
  Rendered kittens/new.html.erb within layouts/application (Duration: 7.2ms | Allocations: 3283)
  Rendered layout layouts/application.html.erb (Duration: 8.4ms | Allocations: 4925)
Completed 200 OK in 20ms (Views: 9.0ms | ActiveRecord: 0.6ms | Allocations: 10643)


Started POST "/kittens" for ::1 at 2023-07-19 09:39:39 +0900
Processing by KittensController#create as TURBO_STREAM
  Parameters: {"authenticity_token"=>"[FILTERED]", "kitten"=>{"name"=>"odin", "age"=>"10", "cuteness"=>"", "softness"=>"10"}, "button"=>""}
  Rendering layout layouts/application.html.erb
  Rendering kittens/new.html.erb within layouts/application
  Rendered kittens/_form.html.erb (Duration: 2.5ms | Allocations: 2217)
  Rendered kittens/new.html.erb within layouts/application (Duration: 2.8ms | Allocations: 2358)
  Rendered layout layouts/application.html.erb (Duration: 4.4ms | Allocations: 3965)
Completed 200 OK in 7ms (Views: 5.0ms | ActiveRecord: 0.0ms | Allocations: 5613)


Started GET "/kittens/new" for ::1 at 2023-07-19 10:21:30 +0900
  [1m[36mActiveRecord::SchemaMigration Pluck (0.1ms)[0m  [1m[34mSELECT "schema_migrations"."version" FROM "schema_migrations" ORDER BY "schema_migrations"."version" ASC[0m
Processing by KittensController#new as HTML
  Rendering layout layouts/application.html.erb
  Rendering kittens/new.html.erb within layouts/application
  Rendered kittens/_form.html.erb (Duration: 3.7ms | Allocations: 3149)
  Rendered kittens/new.html.erb within layouts/application (Duration: 5.2ms | Allocations: 3761)
  Rendered layout layouts/application.html.erb (Duration: 23.7ms | Allocations: 37129)
Completed 200 OK in 31ms (Views: 24.8ms | ActiveRecord: 0.3ms | Allocations: 47530)


Started POST "/kittens" for ::1 at 2023-07-19 10:21:35 +0900
Processing by KittensController#create as TURBO_STREAM
  Parameters: {"authenticity_token"=>"[FILTERED]", "kitten"=>{"name"=>"odin", "age"=>"10", "cuteness"=>"", "softness"=>"10"}, "button"=>""}
  Rendering layout layouts/application.html.erb
  Rendering kittens/new.html.erb within layouts/application
  Rendered kittens/_form.html.erb (Duration: 2.3ms | Allocations: 2217)
  Rendered kittens/new.html.erb within layouts/application (Duration: 2.6ms | Allocations: 2358)
  Rendered layout layouts/application.html.erb (Duration: 4.2ms | Allocations: 3965)
Completed 200 OK in 6ms (Views: 4.7ms | ActiveRecord: 0.0ms | Allocations: 5611)


Started GET "/kittens/new" for ::1 at 2023-07-19 10:22:07 +0900
Processing by KittensController#new as HTML
  Rendering layout layouts/application.html.erb
  Rendering kittens/new.html.erb within layouts/application
  Rendered kittens/_form.html.erb (Duration: 11.1ms | Allocations: 4935)
  Rendered kittens/new.html.erb within layouts/application (Duration: 11.8ms | Allocations: 5229)
  Rendered layout layouts/application.html.erb (Duration: 12.0ms | Allocations: 5315)
Completed 500 Internal Server Error in 14ms (ActiveRecord: 0.0ms | Allocations: 6262)


  
ActionView::Template::Error (undefined method `errors' for #<ActionView::Helpers::FormBuilder:0x00007fda7782b050 @nested_child_index={}, @options={:allow_method_names_outside_object=>true, :skip_default_ids=>false}, @template=#<ActionView::Base:0x0000000000af00>, @object=#<Kitten id: nil, name: nil, age: nil, cuteness: nil, softness: nil, created_at: nil, updated_at: nil>, @object_name="kitten", @default_options={:skip_default_ids=>false, :allow_method_names_outside_object=>true}, @default_html_options={}, @multipart=nil, @index=nil>

'.freeze;   if form.errors.any? 
                   ^^^^^^^):
    1: <%= form_with model: @kitten do |form| %>
    2:   <% if form.errors.any? %>
    3:     <div id="error_explanation">
    4:       <ul>
    5:         <% form.errors.full_messages.each do |message| %>
  
app/views/kittens/_form.html.erb:2
app/views/kittens/_form.html.erb:1
app/views/kittens/new.html.erb:3
Started GET "/kittens/new" for ::1 at 2023-07-19 10:22:20 +0900
Processing by KittensController#new as HTML
  Rendering layout layouts/application.html.erb
  Rendering kittens/new.html.erb within layouts/application
  Rendered kittens/_form.html.erb (Duration: 2.2ms | Allocations: 1896)
  Rendered kittens/new.html.erb within layouts/application (Duration: 2.9ms | Allocations: 2213)
  Rendered layout layouts/application.html.erb (Duration: 4.9ms | Allocations: 4280)
Completed 200 OK in 7ms (Views: 6.3ms | ActiveRecord: 0.0ms | Allocations: 5230)


Started POST "/kittens" for ::1 at 2023-07-19 10:22:32 +0900
Processing by KittensController#create as TURBO_STREAM
  Parameters: {"authenticity_token"=>"[FILTERED]", "kitten"=>{"name"=>"odin", "age"=>"10", "cuteness"=>"", "softness"=>"10"}, "button"=>""}
  Rendering layout layouts/application.html.erb
  Rendering kittens/new.html.erb within layouts/application
  Rendered kittens/_form.html.erb (Duration: 2.7ms | Allocations: 2033)
  Rendered kittens/new.html.erb within layouts/application (Duration: 3.0ms | Allocations: 2166)
  Rendered layout layouts/application.html.erb (Duration: 5.6ms | Allocations: 3662)
Completed 200 OK in 8ms (Views: 6.4ms | ActiveRecord: 0.0ms | Allocations: 4844)


Started GET "/kittens/new" for ::1 at 2023-07-19 10:48:37 +0900
Processing by KittensController#new as HTML
  Rendering layout layouts/application.html.erb
  Rendering kittens/new.html.erb within layouts/application
  Rendered kittens/_form.html.erb (Duration: 2.8ms | Allocations: 1958)
  Rendered kittens/new.html.erb within layouts/application (Duration: 3.8ms | Allocations: 2277)
  Rendered layout layouts/application.html.erb (Duration: 10.9ms | Allocations: 15696)
Completed 200 OK in 17ms (Views: 12.0ms | ActiveRecord: 0.3ms | Allocations: 19456)


Started POST "/kittens" for ::1 at 2023-07-19 10:48:43 +0900
Processing by KittensController#create as TURBO_STREAM
  Parameters: {"authenticity_token"=>"[FILTERED]", "kitten"=>{"name"=>"odin", "age"=>"10", "cuteness"=>"", "softness"=>"10"}, "button"=>""}
  Rendering layout layouts/application.html.erb
  Rendering kittens/new.html.erb within layouts/application
  Rendered kittens/_form.html.erb (Duration: 2.6ms | Allocations: 2044)
  Rendered kittens/new.html.erb within layouts/application (Duration: 2.9ms | Allocations: 2177)
  Rendered layout layouts/application.html.erb (Duration: 4.9ms | Allocations: 3673)
Completed 200 OK in 7ms (Views: 5.7ms | ActiveRecord: 0.0ms | Allocations: 4991)


Started POST "/kittens" for ::1 at 2023-07-19 10:48:43 +0900
Processing by KittensController#create as TURBO_STREAM
  Parameters: {"authenticity_token"=>"[FILTERED]", "kitten"=>{"name"=>"odin", "age"=>"10", "cuteness"=>"", "softness"=>"10"}, "button"=>""}
  Rendering layout layouts/application.html.erb
  Rendering kittens/new.html.erb within layouts/application
  Rendered kittens/_form.html.erb (Duration: 2.3ms | Allocations: 2023)
  Rendered kittens/new.html.erb within layouts/application (Duration: 2.6ms | Allocations: 2113)
  Rendered layout layouts/application.html.erb (Duration: 4.2ms | Allocations: 3609)
Completed 200 OK in 6ms (Views: 4.7ms | ActiveRecord: 0.0ms | Allocations: 4652)


Started POST "/kittens" for ::1 at 2023-07-19 10:48:44 +0900
Processing by KittensController#create as TURBO_STREAM
  Parameters: {"authenticity_token"=>"[FILTERED]", "kitten"=>{"name"=>"odin", "age"=>"10", "cuteness"=>"", "softness"=>"10"}, "button"=>""}
  Rendering layout layouts/application.html.erb
  Rendering kittens/new.html.erb within layouts/application
  Rendered kittens/_form.html.erb (Duration: 2.3ms | Allocations: 2023)
  Rendered kittens/new.html.erb within layouts/application (Duration: 2.7ms | Allocations: 2113)
  Rendered layout layouts/application.html.erb (Duration: 4.3ms | Allocations: 3609)
Completed 200 OK in 6ms (Views: 4.8ms | ActiveRecord: 0.0ms | Allocations: 4682)


Started POST "/kittens" for ::1 at 2023-07-19 10:48:44 +0900
Processing by KittensController#create as TURBO_STREAM
  Parameters: {"authenticity_token"=>"[FILTERED]", "kitten"=>{"name"=>"odin", "age"=>"10", "cuteness"=>"", "softness"=>"10"}, "button"=>""}
  Rendering layout layouts/application.html.erb
  Rendering kittens/new.html.erb within layouts/application
  Rendered kittens/_form.html.erb (Duration: 2.1ms | Allocations: 2023)
  Rendered kittens/new.html.erb within layouts/application (Duration: 2.4ms | Allocations: 2113)
  Rendered layout layouts/application.html.erb (Duration: 4.3ms | Allocations: 3609)
Completed 200 OK in 6ms (Views: 4.8ms | ActiveRecord: 0.0ms | Allocations: 4671)


Started POST "/kittens" for ::1 at 2023-07-19 10:48:44 +0900
Processing by KittensController#create as TURBO_STREAM
  Parameters: {"authenticity_token"=>"[FILTERED]", "kitten"=>{"name"=>"odin", "age"=>"10", "cuteness"=>"", "softness"=>"10"}, "button"=>""}
  Rendering layout layouts/application.html.erb
  Rendering kittens/new.html.erb within layouts/application
  Rendered kittens/_form.html.erb (Duration: 2.9ms | Allocations: 2023)
  Rendered kittens/new.html.erb within layouts/application (Duration: 3.3ms | Allocations: 2113)
  Rendered layout layouts/application.html.erb (Duration: 14.5ms | Allocations: 3614)
Completed 200 OK in 17ms (Views: 15.0ms | ActiveRecord: 0.0ms | Allocations: 4662)


Started GET "/kittens/new" for ::1 at 2023-07-19 10:48:52 +0900
  [1m[36mActiveRecord::SchemaMigration Pluck (0.1ms)[0m  [1m[34mSELECT "schema_migrations"."version" FROM "schema_migrations" ORDER BY "schema_migrations"."version" ASC[0m
Processing by KittensController#new as HTML
  Rendering layout layouts/application.html.erb
  Rendering kittens/new.html.erb within layouts/application
  Rendered kittens/_form.html.erb (Duration: 4.7ms | Allocations: 3140)
  Rendered kittens/new.html.erb within layouts/application (Duration: 5.5ms | Allocations: 3752)
  Rendered layout layouts/application.html.erb (Duration: 37.0ms | Allocations: 37745)
Completed 200 OK in 45ms (Views: 39.7ms | ActiveRecord: 0.2ms | Allocations: 48143)


Started POST "/kittens" for ::1 at 2023-07-19 10:48:58 +0900
Processing by KittensController#create as TURBO_STREAM
  Parameters: {"authenticity_token"=>"[FILTERED]", "kitten"=>{"name"=>"odin", "age"=>"10", "cuteness"=>"", "softness"=>"10"}, "button"=>""}
  Rendering layout layouts/application.html.erb
  Rendering kittens/new.html.erb within layouts/application
  Rendered kittens/_form.html.erb (Duration: 2.1ms | Allocations: 2217)
  Rendered kittens/new.html.erb within layouts/application (Duration: 2.5ms | Allocations: 2358)
  Rendered layout layouts/application.html.erb (Duration: 4.1ms | Allocations: 3965)
Completed 200 OK in 6ms (Views: 4.7ms | ActiveRecord: 0.0ms | Allocations: 5610)


Started POST "/kittens" for ::1 at 2023-07-19 10:48:58 +0900
Processing by KittensController#create as TURBO_STREAM
  Parameters: {"authenticity_token"=>"[FILTERED]", "kitten"=>{"name"=>"odin", "age"=>"10", "cuteness"=>"", "softness"=>"10"}, "button"=>""}
  Rendering layout layouts/application.html.erb
  Rendering kittens/new.html.erb within layouts/application
  Rendered kittens/_form.html.erb (Duration: 2.1ms | Allocations: 2024)
  Rendered kittens/new.html.erb within layouts/application (Duration: 2.3ms | Allocations: 2114)
  Rendered layout layouts/application.html.erb (Duration: 3.8ms | Allocations: 3611)
Completed 200 OK in 7ms (Views: 4.2ms | ActiveRecord: 0.0ms | Allocations: 4684)


Started POST "/kittens" for ::1 at 2023-07-19 10:48:58 +0900
Processing by KittensController#create as TURBO_STREAM
  Parameters: {"authenticity_token"=>"[FILTERED]", "kitten"=>{"name"=>"odin", "age"=>"10", "cuteness"=>"", "softness"=>"10"}, "button"=>""}
  Rendering layout layouts/application.html.erb
  Rendering kittens/new.html.erb within layouts/application
  Rendered kittens/_form.html.erb (Duration: 2.0ms | Allocations: 2023)
  Rendered kittens/new.html.erb within layouts/application (Duration: 2.2ms | Allocations: 2113)
  Rendered layout layouts/application.html.erb (Duration: 3.8ms | Allocations: 3609)
Completed 200 OK in 6ms (Views: 4.2ms | ActiveRecord: 0.0ms | Allocations: 4683)


Started GET "/" for ::1 at 2023-07-19 13:01:17 +0900
  [1m[36mActiveRecord::SchemaMigration Pluck (0.1ms)[0m  [1m[34mSELECT "schema_migrations"."version" FROM "schema_migrations" ORDER BY "schema_migrations"."version" ASC[0m
Processing by KittensController#index as HTML
  Rendering layout layouts/application.html.erb
  Rendering kittens/index.html.erb within layouts/application
  [1m[36mKitten Load (0.3ms)[0m  [1m[34mSELECT "kittens".* FROM "kittens"[0m
  ↳ app/views/kittens/index.html.erb:4
  Rendered kittens/index.html.erb within layouts/application (Duration: 1.7ms | Allocations: 1144)
  Rendered layout layouts/application.html.erb (Duration: 93.7ms | Allocations: 35382)
Completed 200 OK in 109ms (Views: 95.5ms | ActiveRecord: 0.3ms | Allocations: 40517)


Started GET "/" for ::1 at 2023-07-19 13:01:18 +0900
Processing by KittensController#index as HTML
  Rendering layout layouts/application.html.erb
  Rendering kittens/index.html.erb within layouts/application
  [1m[36mKitten Load (0.1ms)[0m  [1m[34mSELECT "kittens".* FROM "kittens"[0m
  ↳ app/views/kittens/index.html.erb:4
  Rendered kittens/index.html.erb within layouts/application (Duration: 0.9ms | Allocations: 596)
  Rendered layout layouts/application.html.erb (Duration: 3.5ms | Allocations: 2522)
Completed 200 OK in 4ms (Views: 3.9ms | ActiveRecord: 0.1ms | Allocations: 2869)


Started GET "/kite" for ::1 at 2023-07-19 13:01:22 +0900
  
ActionController::RoutingError (No route matches [GET] "/kite"):
  
Started GET "/kittens/new" for ::1 at 2023-07-19 13:01:26 +0900
Processing by KittensController#new as HTML
  Rendering layout layouts/application.html.erb
  Rendering kittens/new.html.erb within layouts/application
  Rendered kittens/_form.html.erb (Duration: 16.0ms | Allocations: 2708)
  Rendered kittens/new.html.erb within layouts/application (Duration: 21.1ms | Allocations: 3051)
  Rendered layout layouts/application.html.erb (Duration: 22.8ms | Allocations: 4700)
Completed 200 OK in 36ms (Views: 23.2ms | ActiveRecord: 0.5ms | Allocations: 10451)


Started POST "/kittens" for ::1 at 2023-07-19 13:01:30 +0900
Processing by KittensController#create as TURBO_STREAM
  Parameters: {"authenticity_token"=>"[FILTERED]", "kitten"=>{"name"=>"odin", "age"=>"10", "cuteness"=>"", "softness"=>"10"}, "button"=>""}
  Rendering layout layouts/application.html.erb
  Rendering kittens/new.html.erb within layouts/application
  Rendered kittens/_form.html.erb (Duration: 2.5ms | Allocations: 2217)
  Rendered kittens/new.html.erb within layouts/application (Duration: 2.8ms | Allocations: 2358)
  Rendered layout layouts/application.html.erb (Duration: 4.6ms | Allocations: 3968)
Completed 200 OK in 8ms (Views: 5.5ms | ActiveRecord: 0.0ms | Allocations: 5588)


Started POST "/kittens" for ::1 at 2023-07-19 13:03:34 +0900
Processing by KittensController#create as TURBO_STREAM
  Parameters: {"authenticity_token"=>"[FILTERED]", "kitten"=>{"name"=>"odin", "age"=>"10", "cuteness"=>"", "softness"=>"10"}, "button"=>""}
  Rendering layout layouts/application.html.erb
  Rendering kittens/new.html.erb within layouts/application
  Rendered kittens/_form.html.erb (Duration: 3.4ms | Allocations: 2550)
  Rendered kittens/new.html.erb within layouts/application (Duration: 4.7ms | Allocations: 2974)
  Rendered layout layouts/application.html.erb (Duration: 7.5ms | Allocations: 5006)
Completed 200 OK in 11ms (Views: 9.5ms | ActiveRecord: 0.0ms | Allocations: 6789)


Started GET "/kittens/new" for ::1 at 2023-07-19 13:03:36 +0900
Processing by KittensController#new as HTML
  Rendering layout layouts/application.html.erb
  Rendering kittens/new.html.erb within layouts/application
  Rendered kittens/_form.html.erb (Duration: 2.1ms | Allocations: 1359)
  Rendered kittens/new.html.erb within layouts/application (Duration: 2.4ms | Allocations: 1463)
  Rendered layout layouts/application.html.erb (Duration: 4.5ms | Allocations: 2965)
Completed 200 OK in 5ms (Views: 5.0ms | ActiveRecord: 0.0ms | Allocations: 3267)


Started GET "/kittens/new" for ::1 at 2023-07-19 13:03:53 +0900
  [1m[36mActiveRecord::SchemaMigration Pluck (0.1ms)[0m  [1m[34mSELECT "schema_migrations"."version" FROM "schema_migrations" ORDER BY "schema_migrations"."version" ASC[0m
Processing by KittensController#new as HTML
  Rendering layout layouts/application.html.erb
  Rendering kittens/new.html.erb within layouts/application
  Rendered kittens/_form.html.erb (Duration: 3.9ms | Allocations: 3157)
  Rendered kittens/new.html.erb within layouts/application (Duration: 5.0ms | Allocations: 3859)
  Rendered layout layouts/application.html.erb (Duration: 32.3ms | Allocations: 37191)
Completed 200 OK in 41ms (Views: 34.2ms | ActiveRecord: 0.3ms | Allocations: 47588)


Started POST "/kittens" for ::1 at 2023-07-19 13:03:59 +0900
Processing by KittensController#create as TURBO_STREAM
  Parameters: {"authenticity_token"=>"[FILTERED]", "kitten"=>{"name"=>"odin", "age"=>"10", "cuteness"=>"", "softness"=>"10"}, "button"=>""}
  Rendering layout layouts/application.html.erb
  Rendering kittens/new.html.erb within layouts/application
  Rendered kittens/_form.html.erb (Duration: 2.1ms | Allocations: 2217)
  Rendered kittens/new.html.erb within layouts/application (Duration: 2.4ms | Allocations: 2365)
  Rendered layout layouts/application.html.erb (Duration: 4.0ms | Allocations: 3972)
Completed 200 OK in 6ms (Views: 4.5ms | ActiveRecord: 0.0ms | Allocations: 5617)


Started GET "/kittens/new" for ::1 at 2023-07-19 13:07:06 +0900
  [1m[36mActiveRecord::SchemaMigration Pluck (0.1ms)[0m  [1m[34mSELECT "schema_migrations"."version" FROM "schema_migrations" ORDER BY "schema_migrations"."version" ASC[0m
Processing by KittensController#new as HTML
  Rendering layout layouts/application.html.erb
  Rendering kittens/new.html.erb within layouts/application
  Rendered kittens/_form.html.erb (Duration: 6.3ms | Allocations: 3148)
  Rendered kittens/new.html.erb within layouts/application (Duration: 7.3ms | Allocations: 3850)
  Rendered layout layouts/application.html.erb (Duration: 45.5ms | Allocations: 37278)
Completed 200 OK in 54ms (Views: 47.0ms | ActiveRecord: 0.2ms | Allocations: 47675)


Started POST "/kittens" for ::1 at 2023-07-19 13:07:13 +0900
Processing by KittensController#create as TURBO_STREAM
  Parameters: {"authenticity_token"=>"[FILTERED]", "kitten"=>{"name"=>"a", "age"=>"10", "cuteness"=>"", "softness"=>""}, "button"=>""}
  Rendering layout layouts/application.html.erb
  Rendering kittens/new.html.erb within layouts/application
  Rendered kittens/_form.html.erb (Duration: 2.7ms | Allocations: 3072)
  Rendered kittens/new.html.erb within layouts/application (Duration: 3.2ms | Allocations: 3220)
  Rendered layout layouts/application.html.erb (Duration: 5.1ms | Allocations: 4826)
Completed 200 OK in 7ms (Views: 5.6ms | ActiveRecord: 0.0ms | Allocations: 6474)


Started POST "/kittens" for ::1 at 2023-07-19 13:07:15 +0900
Processing by KittensController#create as TURBO_STREAM
  Parameters: {"authenticity_token"=>"[FILTERED]", "kitten"=>{"name"=>"a", "age"=>"10", "cuteness"=>"", "softness"=>"10"}, "button"=>""}
  Rendering layout layouts/application.html.erb
  Rendering kittens/new.html.erb within layouts/application
  Rendered kittens/_form.html.erb (Duration: 2.0ms | Allocations: 2024)
  Rendered kittens/new.html.erb within layouts/application (Duration: 2.3ms | Allocations: 2121)
  Rendered layout layouts/application.html.erb (Duration: 3.8ms | Allocations: 3617)
Completed 200 OK in 6ms (Views: 4.2ms | ActiveRecord: 0.0ms | Allocations: 4717)


Started POST "/kittens" for ::1 at 2023-07-19 13:07:15 +0900
Processing by KittensController#create as TURBO_STREAM
  Parameters: {"authenticity_token"=>"[FILTERED]", "kitten"=>{"name"=>"a", "age"=>"10", "cuteness"=>"", "softness"=>"10"}, "button"=>""}
  Rendering layout layouts/application.html.erb
  Rendering kittens/new.html.erb within layouts/application
  Rendered kittens/_form.html.erb (Duration: 2.3ms | Allocations: 2023)
  Rendered kittens/new.html.erb within layouts/application (Duration: 2.6ms | Allocations: 2120)
  Rendered layout layouts/application.html.erb (Duration: 4.1ms | Allocations: 3615)
Completed 200 OK in 6ms (Views: 4.6ms | ActiveRecord: 0.0ms | Allocations: 4683)


Started POST "/kittens" for ::1 at 2023-07-19 13:07:15 +0900
Processing by KittensController#create as TURBO_STREAM
  Parameters: {"authenticity_token"=>"[FILTERED]", "kitten"=>{"name"=>"a", "age"=>"10", "cuteness"=>"", "softness"=>"10"}, "button"=>""}
  Rendering layout layouts/application.html.erb
  Rendering kittens/new.html.erb within layouts/application
  Rendered kittens/_form.html.erb (Duration: 2.0ms | Allocations: 2023)
  Rendered kittens/new.html.erb within layouts/application (Duration: 2.3ms | Allocations: 2120)
  Rendered layout layouts/application.html.erb (Duration: 3.8ms | Allocations: 3615)
Completed 200 OK in 6ms (Views: 4.3ms | ActiveRecord: 0.0ms | Allocations: 4707)


Started POST "/kittens" for ::1 at 2023-07-19 13:07:15 +0900
Processing by KittensController#create as TURBO_STREAM
  Parameters: {"authenticity_token"=>"[FILTERED]", "kitten"=>{"name"=>"a", "age"=>"10", "cuteness"=>"", "softness"=>"10"}, "button"=>""}
  Rendering layout layouts/application.html.erb
  Rendering kittens/new.html.erb within layouts/application
  Rendered kittens/_form.html.erb (Duration: 2.1ms | Allocations: 2023)
  Rendered kittens/new.html.erb within layouts/application (Duration: 2.3ms | Allocations: 2120)
  Rendered layout layouts/application.html.erb (Duration: 3.8ms | Allocations: 3615)
Completed 200 OK in 6ms (Views: 4.3ms | ActiveRecord: 0.0ms | Allocations: 4668)


Started POST "/kittens" for ::1 at 2023-07-19 13:07:15 +0900
Processing by KittensController#create as TURBO_STREAM
  Parameters: {"authenticity_token"=>"[FILTERED]", "kitten"=>{"name"=>"a", "age"=>"10", "cuteness"=>"", "softness"=>"10"}, "button"=>""}
  Rendering layout layouts/application.html.erb
  Rendering kittens/new.html.erb within layouts/application
  Rendered kittens/_form.html.erb (Duration: 2.2ms | Allocations: 2023)
  Rendered kittens/new.html.erb within layouts/application (Duration: 2.5ms | Allocations: 2120)
  Rendered layout layouts/application.html.erb (Duration: 4.0ms | Allocations: 3615)
Completed 200 OK in 6ms (Views: 4.5ms | ActiveRecord: 0.0ms | Allocations: 4698)


Started POST "/kittens" for ::1 at 2023-07-19 13:07:16 +0900
Processing by KittensController#create as TURBO_STREAM
  Parameters: {"authenticity_token"=>"[FILTERED]", "kitten"=>{"name"=>"a", "age"=>"10", "cuteness"=>"", "softness"=>"10"}, "button"=>""}
  Rendering layout layouts/application.html.erb
  Rendering kittens/new.html.erb within layouts/application
  Rendered kittens/_form.html.erb (Duration: 2.3ms | Allocations: 2024)
  Rendered kittens/new.html.erb within layouts/application (Duration: 2.6ms | Allocations: 2121)
  Rendered layout layouts/application.html.erb (Duration: 4.2ms | Allocations: 3617)
Completed 200 OK in 6ms (Views: 4.6ms | ActiveRecord: 0.0ms | Allocations: 4699)


Started POST "/kittens" for ::1 at 2023-07-19 13:07:16 +0900
Processing by KittensController#create as TURBO_STREAM
  Parameters: {"authenticity_token"=>"[FILTERED]", "kitten"=>{"name"=>"a", "age"=>"10", "cuteness"=>"", "softness"=>"10"}, "button"=>""}
  Rendering layout layouts/application.html.erb
  Rendering kittens/new.html.erb within layouts/application
  Rendered kittens/_form.html.erb (Duration: 12.8ms | Allocations: 2023)
  Rendered kittens/new.html.erb within layouts/application (Duration: 13.3ms | Allocations: 2120)
  Rendered layout layouts/application.html.erb (Duration: 14.8ms | Allocations: 3625)
Completed 200 OK in 17ms (Views: 15.2ms | ActiveRecord: 0.0ms | Allocations: 4703)


Started POST "/kittens" for ::1 at 2023-07-19 13:07:16 +0900
Processing by KittensController#create as TURBO_STREAM
  Parameters: {"authenticity_token"=>"[FILTERED]", "kitten"=>{"name"=>"a", "age"=>"10", "cuteness"=>"", "softness"=>"10"}, "button"=>""}
  Rendering layout layouts/application.html.erb
  Rendering kittens/new.html.erb within layouts/application
  Rendered kittens/_form.html.erb (Duration: 2.4ms | Allocations: 2023)
  Rendered kittens/new.html.erb within layouts/application (Duration: 2.6ms | Allocations: 2120)
  Rendered layout layouts/application.html.erb (Duration: 4.4ms | Allocations: 3615)
Completed 200 OK in 7ms (Views: 5.2ms | ActiveRecord: 0.0ms | Allocations: 4671)


Started POST "/kittens" for ::1 at 2023-07-19 13:09:45 +0900
Processing by KittensController#create as TURBO_STREAM
  Parameters: {"authenticity_token"=>"[FILTERED]", "kitten"=>{"name"=>"a", "age"=>"10", "cuteness"=>"", "softness"=>"10"}, "button"=>""}
  Rendering layout layouts/application.html.erb
  Rendering kittens/new.html.erb within layouts/application
  Rendered kittens/_form.html.erb (Duration: 3.1ms | Allocations: 2549)
  Rendered kittens/new.html.erb within layouts/application (Duration: 4.1ms | Allocations: 3007)
  Rendered layout layouts/application.html.erb (Duration: 6.4ms | Allocations: 4963)
Completed 200 OK in 13ms (Views: 8.0ms | ActiveRecord: 0.0ms | Allocations: 6747)


Started POST "/kittens" for ::1 at 2023-07-19 13:09:46 +0900
Processing by KittensController#create as TURBO_STREAM
  Parameters: {"authenticity_token"=>"[FILTERED]", "kitten"=>{"name"=>"a", "age"=>"10", "cuteness"=>"", "softness"=>"10"}, "button"=>""}
  Rendering layout layouts/application.html.erb
  Rendering kittens/new.html.erb within layouts/application
  Rendered kittens/_form.html.erb (Duration: 2.6ms | Allocations: 2023)
  Rendered kittens/new.html.erb within layouts/application (Duration: 2.9ms | Allocations: 2123)
  Rendered layout layouts/application.html.erb (Duration: 4.8ms | Allocations: 3618)
Completed 200 OK in 7ms (Views: 5.2ms | ActiveRecord: 0.0ms | Allocations: 4776)


Started POST "/kittens" for ::1 at 2023-07-19 13:09:46 +0900
Processing by KittensController#create as TURBO_STREAM
  Parameters: {"authenticity_token"=>"[FILTERED]", "kitten"=>{"name"=>"a", "age"=>"10", "cuteness"=>"", "softness"=>"10"}, "button"=>""}
  Rendering layout layouts/application.html.erb
  Rendering kittens/new.html.erb within layouts/application
  Rendered kittens/_form.html.erb (Duration: 2.3ms | Allocations: 2023)
  Rendered kittens/new.html.erb within layouts/application (Duration: 2.5ms | Allocations: 2123)
  Rendered layout layouts/application.html.erb (Duration: 4.3ms | Allocations: 3618)
Completed 200 OK in 6ms (Views: 4.7ms | ActiveRecord: 0.0ms | Allocations: 4656)


Started POST "/kittens" for ::1 at 2023-07-19 13:12:02 +0900
Processing by KittensController#create as TURBO_STREAM
  Parameters: {"authenticity_token"=>"[FILTERED]", "kitten"=>{"name"=>"a", "age"=>"10", "cuteness"=>"", "softness"=>"10"}, "button"=>""}
  Rendering layout layouts/application.html.erb
  Rendering kittens/new.html.erb within layouts/application
  Rendered kittens/_form.html.erb (Duration: 8.2ms | Allocations: 2549)
  Rendered kittens/new.html.erb within layouts/application (Duration: 9.4ms | Allocations: 3003)
  Rendered layout layouts/application.html.erb (Duration: 26.0ms | Allocations: 4963)
Completed 200 OK in 34ms (Views: 29.6ms | ActiveRecord: 0.0ms | Allocations: 6727)


Started POST "/kittens" for ::1 at 2023-07-19 13:12:02 +0900
Processing by KittensController#create as TURBO_STREAM
  Parameters: {"authenticity_token"=>"[FILTERED]", "kitten"=>{"name"=>"a", "age"=>"10", "cuteness"=>"", "softness"=>"10"}, "button"=>""}
  Rendering layout layouts/application.html.erb
  Rendering kittens/new.html.erb within layouts/application
  Rendered kittens/_form.html.erb (Duration: 2.9ms | Allocations: 2023)
  Rendered kittens/new.html.erb within layouts/application (Duration: 3.7ms | Allocations: 2123)
  Rendered layout layouts/application.html.erb (Duration: 6.6ms | Allocations: 3624)
Completed 200 OK in 9ms (Views: 7.3ms | ActiveRecord: 0.0ms | Allocations: 4806)


Started GET "/kittens/new" for ::1 at 2023-07-19 13:12:18 +0900
  [1m[36mActiveRecord::SchemaMigration Pluck (0.1ms)[0m  [1m[34mSELECT "schema_migrations"."version" FROM "schema_migrations" ORDER BY "schema_migrations"."version" ASC[0m
Processing by KittensController#new as HTML
  Rendering layout layouts/application.html.erb
  Rendering kittens/new.html.erb within layouts/application
  Rendered kittens/_form.html.erb (Duration: 5.4ms | Allocations: 3164)
  Rendered kittens/new.html.erb within layouts/application (Duration: 6.4ms | Allocations: 3901)
  Rendered layout layouts/application.html.erb (Duration: 55.3ms | Allocations: 37759)
Completed 200 OK in 71ms (Views: 57.3ms | ActiveRecord: 0.3ms | Allocations: 48156)


Started POST "/kittens" for ::1 at 2023-07-19 13:12:26 +0900
Processing by KittensController#create as TURBO_STREAM
  Parameters: {"authenticity_token"=>"[FILTERED]", "kitten"=>{"name"=>"odin", "age"=>"10", "cuteness"=>"", "softness"=>"10"}, "button"=>""}
  Rendering layout layouts/application.html.erb
  Rendering kittens/new.html.erb within layouts/application
  Rendered kittens/_form.html.erb (Duration: 2.2ms | Allocations: 2217)
  Rendered kittens/new.html.erb within layouts/application (Duration: 2.6ms | Allocations: 2368)
  Rendered layout layouts/application.html.erb (Duration: 4.4ms | Allocations: 3974)
Completed 200 OK in 7ms (Views: 5.0ms | ActiveRecord: 0.0ms | Allocations: 5613)


Started POST "/kittens" for ::1 at 2023-07-19 13:12:27 +0900
Processing by KittensController#create as TURBO_STREAM
  Parameters: {"authenticity_token"=>"[FILTERED]", "kitten"=>{"name"=>"odin", "age"=>"10", "cuteness"=>"", "softness"=>"10"}, "button"=>""}
  Rendering layout layouts/application.html.erb
  Rendering kittens/new.html.erb within layouts/application
  Rendered kittens/_form.html.erb (Duration: 2.1ms | Allocations: 2024)
  Rendered kittens/new.html.erb within layouts/application (Duration: 2.4ms | Allocations: 2124)
  Rendered layout layouts/application.html.erb (Duration: 3.9ms | Allocations: 3620)
Completed 200 OK in 6ms (Views: 4.3ms | ActiveRecord: 0.0ms | Allocations: 4681)


Started POST "/kittens" for ::1 at 2023-07-19 13:12:27 +0900
Processing by KittensController#create as TURBO_STREAM
  Parameters: {"authenticity_token"=>"[FILTERED]", "kitten"=>{"name"=>"odin", "age"=>"10", "cuteness"=>"", "softness"=>"10"}, "button"=>""}
  Rendering layout layouts/application.html.erb
  Rendering kittens/new.html.erb within layouts/application
  Rendered kittens/_form.html.erb (Duration: 2.4ms | Allocations: 2023)
  Rendered kittens/new.html.erb within layouts/application (Duration: 2.7ms | Allocations: 2123)
  Rendered layout layouts/application.html.erb (Duration: 4.2ms | Allocations: 3618)
Completed 200 OK in 6ms (Views: 4.6ms | ActiveRecord: 0.0ms | Allocations: 4683)


Started GET "/kittens/new" for ::1 at 2023-07-19 13:13:07 +0900
Processing by KittensController#new as HTML
  Rendering layout layouts/application.html.erb
  Rendering kittens/new.html.erb within layouts/application
  Rendered kittens/_form.html.erb (Duration: 2.2ms | Allocations: 1901)
  Rendered kittens/new.html.erb within layouts/application (Duration: 3.2ms | Allocations: 2338)
  Rendered layout layouts/application.html.erb (Duration: 5.1ms | Allocations: 4288)
Completed 200 OK in 8ms (Views: 6.5ms | ActiveRecord: 0.0ms | Allocations: 5270)


Started GET "/" for ::1 at 2023-07-23 07:30:53 +0900
  [1m[36mActiveRecord::SchemaMigration Pluck (0.1ms)[0m  [1m[34mSELECT "schema_migrations"."version" FROM "schema_migrations" ORDER BY "schema_migrations"."version" ASC[0m
Processing by KittensController#index as HTML
  Rendering layout layouts/application.html.erb
  Rendering kittens/index.html.erb within layouts/application
  [1m[36mKitten Load (0.9ms)[0m  [1m[34mSELECT "kittens".* FROM "kittens"[0m
  ↳ app/views/kittens/index.html.erb:4
  Rendered kittens/index.html.erb within layouts/application (Duration: 5.9ms | Allocations: 1144)
  Rendered layout layouts/application.html.erb (Duration: 96.1ms | Allocations: 35389)
Completed 200 OK in 125ms (Views: 100.6ms | ActiveRecord: 0.9ms | Allocations: 40524)


Started GET "/kittens/new" for ::1 at 2023-07-23 07:30:58 +0900
Processing by KittensController#new as HTML
  Rendering layout layouts/application.html.erb
  Rendering kittens/new.html.erb within layouts/application
  Rendered kittens/new.html.erb within layouts/application (Duration: 3.5ms | Allocations: 1515)
  Rendered layout layouts/application.html.erb (Duration: 3.7ms | Allocations: 1613)
Completed 500 Internal Server Error in 13ms (ActiveRecord: 0.5ms | Allocations: 7346)


  
ActionView::SyntaxErrorInTemplate (Encountered a syntax error while rendering template: check <h1>New Kitten</h1>

<%= render 'form', kitten: @kitten %>


<% if flash[:error] %>
  <div class="flash error"><%= flash[:error] %></div>
<% end %>

<%# maybe figure out if you could trigger this after the button is pressed to see if the flash is really blank. --if params[:button].nil?  && flash[:notice].blank? %>
  <h1> flash hash is blank </h1>
<% end %>

<%= link_to 'Back', kittens_path %>

):
1:    <h1>New Kitten</h1>
2:    
3:    <%= render 'form', kitten: @kitten %>
4:    
5:    
6:    <% if flash[:error] %>
7:      <div class="flash error"><%= flash[:error] %></div>
8:    <% end %>
9:    
10:    <%# maybe figure out if you could trigger this after the button is pressed to see if the flash is really blank. --if params[:button].nil?  && flash[:notice].blank? %>
11:      <h1> flash hash is blank </h1>
12:    <% end %>
13:    
14:    <%= link_to 'Back', kittens_path %>
  
app/views/kittens/new.html.erb:17: syntax error, unexpected `end', expecting end-of-input
app/views/kittens/new.html.erb:17: syntax error, unexpected `end', expecting end-of-input
app/views/kittens/new.html.erb:17: syntax error, unexpected `end', expecting end-of-input
app/views/kittens/new.html.erb:17: syntax error, unexpected `end', expecting end-of-input
app/views/kittens/new.html.erb:17: syntax error, unexpected `end', expecting end-of-input
app/views/kittens/new.html.erb:17: syntax error, unexpected `end', expecting end-of-input
Started GET "/kittens/new" for ::1 at 2023-07-23 07:32:12 +0900
Processing by KittensController#new as HTML
  Rendering layout layouts/application.html.erb
  Rendering kittens/new.html.erb within layouts/application
  Rendered kittens/_form.html.erb (Duration: 33.7ms | Allocations: 5029)
  Rendered kittens/new.html.erb within layouts/application (Duration: 42.3ms | Allocations: 5508)
  Rendered layout layouts/application.html.erb (Duration: 45.1ms | Allocations: 7507)
Completed 200 OK in 50ms (Views: 49.5ms | ActiveRecord: 0.0ms | Allocations: 8457)


Started POST "/kittens" for ::1 at 2023-07-23 07:32:53 +0900
Processing by KittensController#create as TURBO_STREAM
  Parameters: {"authenticity_token"=>"[FILTERED]", "kitten"=>{"name"=>"a", "age"=>"a", "cuteness"=>"", "softness"=>"a"}, "button"=>""}
  Rendering layout layouts/application.html.erb
  Rendering kittens/new.html.erb within layouts/application
  Rendered kittens/_form.html.erb (Duration: 3.0ms | Allocations: 2217)
  Rendered kittens/new.html.erb within layouts/application (Duration: 3.6ms | Allocations: 2366)
  Rendered layout layouts/application.html.erb (Duration: 5.6ms | Allocations: 3971)
Completed 200 OK in 9ms (Views: 7.4ms | ActiveRecord: 0.0ms | Allocations: 5572)


Started GET "/kittens/new" for ::1 at 2023-07-23 07:41:50 +0900
Processing by KittensController#new as HTML
  Rendering layout layouts/application.html.erb
  Rendering kittens/new.html.erb within layouts/application
  Rendered kittens/_form.html.erb (Duration: 1.3ms | Allocations: 1685)
  Rendered kittens/new.html.erb within layouts/application (Duration: 2.6ms | Allocations: 2298)
  Rendered layout layouts/application.html.erb (Duration: 3.9ms | Allocations: 4263)
Completed 200 OK in 5ms (Views: 4.6ms | Allocations: 5215)


Started POST "/kittens" for ::1 at 2023-07-23 07:41:54 +0900
Processing by KittensController#create as TURBO_STREAM
  Parameters: {"authenticity_token"=>"[FILTERED]", "kitten"=>{"name"=>"a", "age"=>"a", "cuteness"=>"", "softness"=>"a"}, "button"=>""}
  Rendering layout layouts/application.html.erb
  Rendering kittens/new.html.erb within layouts/application
  Rendered kittens/_form.html.erb (Duration: 2.5ms | Allocations: 1702)
  Rendered kittens/new.html.erb within layouts/application (Duration: 2.8ms | Allocations: 1843)
  Rendered layout layouts/application.html.erb (Duration: 4.9ms | Allocations: 3338)
Completed 200 OK in 8ms (Views: 5.8ms | ActiveRecord: 0.4ms | Allocations: 4694)


Started POST "/kittens" for ::1 at 2023-07-23 07:41:55 +0900
Processing by KittensController#create as TURBO_STREAM
  Parameters: {"authenticity_token"=>"[FILTERED]", "kitten"=>{"name"=>"a", "age"=>"a", "cuteness"=>"", "softness"=>"a"}, "button"=>""}
  Rendering layout layouts/application.html.erb
  Rendering kittens/new.html.erb within layouts/application
  Rendered kittens/_form.html.erb (Duration: 2.2ms | Allocations: 1695)
  Rendered kittens/new.html.erb within layouts/application (Duration: 2.5ms | Allocations: 1792)
  Rendered layout layouts/application.html.erb (Duration: 4.6ms | Allocations: 3288)
Completed 200 OK in 6ms (Views: 5.0ms | ActiveRecord: 0.0ms | Allocations: 4366)


Started POST "/kittens" for ::1 at 2023-07-23 07:41:55 +0900
Processing by KittensController#create as TURBO_STREAM
  Parameters: {"authenticity_token"=>"[FILTERED]", "kitten"=>{"name"=>"a", "age"=>"a", "cuteness"=>"", "softness"=>"a"}, "button"=>""}
  Rendering layout layouts/application.html.erb
  Rendering kittens/new.html.erb within layouts/application
  Rendered kittens/_form.html.erb (Duration: 2.1ms | Allocations: 1694)
  Rendered kittens/new.html.erb within layouts/application (Duration: 2.4ms | Allocations: 1791)
  Rendered layout layouts/application.html.erb (Duration: 4.3ms | Allocations: 3286)
Completed 200 OK in 7ms (Views: 4.8ms | ActiveRecord: 0.0ms | Allocations: 4342)


Started POST "/kittens" for ::1 at 2023-07-23 08:22:37 +0900
Processing by KittensController#create as TURBO_STREAM
  Parameters: {"authenticity_token"=>"[FILTERED]", "kitten"=>{"name"=>"a", "age"=>"a", "cuteness"=>"", "softness"=>"a"}, "button"=>""}
  Rendering layout layouts/application.html.erb
  Rendering kittens/new.html.erb within layouts/application
  Rendered kittens/_form.html.erb (Duration: 2.3ms | Allocations: 1694)
  Rendered kittens/new.html.erb within layouts/application (Duration: 2.6ms | Allocations: 1791)
  Rendered layout layouts/application.html.erb (Duration: 5.3ms | Allocations: 3286)
Completed 200 OK in 9ms (Views: 6.1ms | ActiveRecord: 0.3ms | Allocations: 4482)


Started POST "/kittens" for ::1 at 2023-07-23 08:22:37 +0900
Processing by KittensController#create as TURBO_STREAM
  Parameters: {"authenticity_token"=>"[FILTERED]", "kitten"=>{"name"=>"a", "age"=>"a", "cuteness"=>"", "softness"=>"a"}, "button"=>""}
  Rendering layout layouts/application.html.erb
  Rendering kittens/new.html.erb within layouts/application
  Rendered kittens/_form.html.erb (Duration: 3.2ms | Allocations: 1695)
  Rendered kittens/new.html.erb within layouts/application (Duration: 3.5ms | Allocations: 1792)
  Rendered layout layouts/application.html.erb (Duration: 6.5ms | Allocations: 3288)
Completed 200 OK in 9ms (Views: 7.3ms | ActiveRecord: 0.0ms | Allocations: 4376)


Started POST "/kittens" for ::1 at 2023-07-23 08:22:38 +0900
Processing by KittensController#create as TURBO_STREAM
  Parameters: {"authenticity_token"=>"[FILTERED]", "kitten"=>{"name"=>"a", "age"=>"a", "cuteness"=>"", "softness"=>"a"}, "button"=>""}
  Rendering layout layouts/application.html.erb
  Rendering kittens/new.html.erb within layouts/application
  Rendered kittens/_form.html.erb (Duration: 2.7ms | Allocations: 1694)
  Rendered kittens/new.html.erb within layouts/application (Duration: 3.0ms | Allocations: 1791)
  Rendered layout layouts/application.html.erb (Duration: 5.2ms | Allocations: 3286)
Completed 200 OK in 8ms (Views: 5.8ms | ActiveRecord: 0.0ms | Allocations: 4339)


Started POST "/kittens" for ::1 at 2023-07-23 08:22:38 +0900
Processing by KittensController#create as TURBO_STREAM
  Parameters: {"authenticity_token"=>"[FILTERED]", "kitten"=>{"name"=>"a", "age"=>"a", "cuteness"=>"", "softness"=>"a"}, "button"=>""}
  Rendering layout layouts/application.html.erb
  Rendering kittens/new.html.erb within layouts/application
  Rendered kittens/_form.html.erb (Duration: 2.2ms | Allocations: 1694)
  Rendered kittens/new.html.erb within layouts/application (Duration: 2.8ms | Allocations: 1791)
  Rendered layout layouts/application.html.erb (Duration: 5.1ms | Allocations: 3286)
Completed 200 OK in 8ms (Views: 6.0ms | ActiveRecord: 0.0ms | Allocations: 4357)


Started GET "/kittens/new" for ::1 at 2023-07-23 08:22:44 +0900
  [1m[36mActiveRecord::SchemaMigration Pluck (0.1ms)[0m  [1m[34mSELECT "schema_migrations"."version" FROM "schema_migrations" ORDER BY "schema_migrations"."version" ASC[0m
Processing by KittensController#new as HTML
  Rendering layout layouts/application.html.erb
  Rendering kittens/new.html.erb within layouts/application
  Rendered kittens/_form.html.erb (Duration: 1.9ms | Allocations: 2790)
  Rendered kittens/new.html.erb within layouts/application (Duration: 4.1ms | Allocations: 3851)
  Rendered layout layouts/application.html.erb (Duration: 22.2ms | Allocations: 37106)
Completed 200 OK in 31ms (Views: 23.5ms | ActiveRecord: 0.3ms | Allocations: 47507)


Started POST "/kittens" for ::1 at 2023-07-23 08:22:49 +0900
Processing by KittensController#create as TURBO_STREAM
  Parameters: {"authenticity_token"=>"[FILTERED]", "kitten"=>{"name"=>"a", "age"=>"a", "cuteness"=>"", "softness"=>"a"}, "button"=>""}
  Rendering layout layouts/application.html.erb
  Rendering kittens/new.html.erb within layouts/application
  Rendered kittens/_form.html.erb (Duration: 1.7ms | Allocations: 1876)
  Rendered kittens/new.html.erb within layouts/application (Duration: 2.0ms | Allocations: 2025)
  Rendered layout layouts/application.html.erb (Duration: 3.7ms | Allocations: 3631)
Completed 200 OK in 6ms (Views: 4.1ms | ActiveRecord: 0.0ms | Allocations: 5261)


Started POST "/kittens" for ::1 at 2023-07-23 08:28:56 +0900
Processing by KittensController#create as TURBO_STREAM
  Parameters: {"authenticity_token"=>"[FILTERED]", "kitten"=>{"name"=>"a", "age"=>"a", "cuteness"=>"", "softness"=>"a"}, "button"=>""}
  Rendering layout layouts/application.html.erb
  Rendering kittens/new.html.erb within layouts/application
  Rendered kittens/_form.html.erb (Duration: 0.9ms | Allocations: 1905)
  Rendered kittens/new.html.erb within layouts/application (Duration: 1.1ms | Allocations: 2034)
  Rendered layout layouts/application.html.erb (Duration: 11.8ms | Allocations: 14995)
Completed 200 OK in 15ms (Views: 12.4ms | ActiveRecord: 0.2ms | Allocations: 19292)


Started GET "/kittens/new" for ::1 at 2023-07-23 08:34:14 +0900
  [1m[36mActiveRecord::SchemaMigration Pluck (0.1ms)[0m  [1m[34mSELECT "schema_migrations"."version" FROM "schema_migrations" ORDER BY "schema_migrations"."version" ASC[0m
Processing by KittensController#new as HTML
  Rendering layout layouts/application.html.erb
  Rendering kittens/new.html.erb within layouts/application
  Rendered kittens/_form.html.erb (Duration: 2.5ms | Allocations: 2789)
  Rendered kittens/new.html.erb within layouts/application (Duration: 5.6ms | Allocations: 3838)
  Rendered layout layouts/application.html.erb (Duration: 30.5ms | Allocations: 37727)
Completed 200 OK in 41ms (Views: 33.5ms | ActiveRecord: 0.3ms | Allocations: 48124)


Started POST "/kittens" for ::1 at 2023-07-23 08:34:19 +0900
Processing by KittensController#create as TURBO_STREAM
  Parameters: {"authenticity_token"=>"[FILTERED]", "kitten"=>{"name"=>"a", "age"=>"a", "cuteness"=>"", "softness"=>"a"}, "button"=>""}
  Rendering layout layouts/application.html.erb
  Rendering kittens/new.html.erb within layouts/application
  Rendered kittens/_form.html.erb (Duration: 1.1ms | Allocations: 1876)
  Rendered kittens/new.html.erb within layouts/application (Duration: 1.3ms | Allocations: 2025)
  Rendered layout layouts/application.html.erb (Duration: 2.1ms | Allocations: 3631)
Completed 200 OK in 4ms (Views: 2.4ms | ActiveRecord: 0.0ms | Allocations: 5281)


Started GET "/" for ::1 at 2023-07-23 08:38:59 +0900
  [1m[36mActiveRecord::SchemaMigration Pluck (0.2ms)[0m  [1m[34mSELECT "schema_migrations"."version" FROM "schema_migrations" ORDER BY "schema_migrations"."version" ASC[0m
Processing by KittensController#index as HTML
  Rendering layout layouts/application.html.erb
  Rendering kittens/index.html.erb within layouts/application
  [1m[36mKitten Load (0.1ms)[0m  [1m[34mSELECT "kittens".* FROM "kittens"[0m
  ↳ app/views/kittens/index.html.erb:4
  Rendered kittens/index.html.erb within layouts/application (Duration: 1.0ms | Allocations: 1144)
  Rendered layout layouts/application.html.erb (Duration: 40.6ms | Allocations: 34869)
Completed 200 OK in 45ms (Views: 41.6ms | ActiveRecord: 0.1ms | Allocations: 40004)


Started GET "/" for ::1 at 2023-07-23 08:39:00 +0900
Processing by KittensController#index as HTML
  Rendering layout layouts/application.html.erb
  Rendering kittens/index.html.erb within layouts/application
  [1m[36mKitten Load (0.1ms)[0m  [1m[34mSELECT "kittens".* FROM "kittens"[0m
  ↳ app/views/kittens/index.html.erb:4
  Rendered kittens/index.html.erb within layouts/application (Duration: 0.6ms | Allocations: 596)
  Rendered layout layouts/application.html.erb (Duration: 1.7ms | Allocations: 2455)
Completed 200 OK in 2ms (Views: 1.9ms | ActiveRecord: 0.1ms | Allocations: 2802)


Started GET "/kittens/new" for ::1 at 2023-07-23 08:39:12 +0900
Processing by KittensController#new as HTML
  Rendering layout layouts/application.html.erb
  Rendering kittens/new.html.erb within layouts/application
  Rendered kittens/_form.html.erb (Duration: 5.8ms | Allocations: 2695)
  Rendered kittens/new.html.erb within layouts/application (Duration: 7.7ms | Allocations: 3331)
  Rendered layout layouts/application.html.erb (Duration: 12.1ms | Allocations: 4958)
Completed 200 OK in 32ms (Views: 12.7ms | ActiveRecord: 0.6ms | Allocations: 10669)


Started POST "/kittens" for ::1 at 2023-07-23 08:39:22 +0900
Processing by KittensController#create as TURBO_STREAM
  Parameters: {"authenticity_token"=>"[FILTERED]", "kitten"=>{"name"=>"a", "age"=>"a", "cuteness"=>"", "softness"=>"a"}, "button"=>""}
  Rendering layout layouts/application.html.erb
  Rendering kittens/new.html.erb within layouts/application
  Rendered kittens/_form.html.erb (Duration: 2.0ms | Allocations: 1876)
  Rendered kittens/new.html.erb within layouts/application (Duration: 2.3ms | Allocations: 2025)
  Rendered layout layouts/application.html.erb (Duration: 3.8ms | Allocations: 3631)
Completed 200 OK in 6ms (Views: 4.4ms | ActiveRecord: 0.0ms | Allocations: 5275)


Started GET "/kittens/new" for ::1 at 2023-07-23 12:02:50 +0900
  [1m[36mActiveRecord::SchemaMigration Pluck (0.1ms)[0m  [1m[34mSELECT "schema_migrations"."version" FROM "schema_migrations" ORDER BY "schema_migrations"."version" ASC[0m
Processing by KittensController#new as HTML
  Rendering layout layouts/application.html.erb
  Rendering kittens/new.html.erb within layouts/application
  Rendered kittens/_form.html.erb (Duration: 1.7ms | Allocations: 2702)
  Rendered kittens/new.html.erb within layouts/application (Duration: 4.2ms | Allocations: 3751)
  Rendered layout layouts/application.html.erb (Duration: 23.9ms | Allocations: 37007)
Completed 200 OK in 31ms (Views: 25.0ms | ActiveRecord: 0.3ms | Allocations: 47404)


Started POST "/kittens" for ::1 at 2023-07-23 12:02:55 +0900
Processing by KittensController#create as TURBO_STREAM
  Parameters: {"authenticity_token"=>"[FILTERED]", "kitten"=>{"name"=>"a", "age"=>"a", "cuteness"=>"", "softness"=>"a"}, "button"=>""}
  Rendering layout layouts/application.html.erb
  Rendering kittens/new.html.erb within layouts/application
  Rendered kittens/_form.html.erb (Duration: 3.3ms | Allocations: 1841)
  Rendered kittens/new.html.erb within layouts/application (Duration: 3.9ms | Allocations: 1989)
  Rendered layout layouts/application.html.erb (Duration: 6.7ms | Allocations: 3595)
Completed 200 OK in 11ms (Views: 7.6ms | ActiveRecord: 0.0ms | Allocations: 5236)


Started GET "/" for ::1 at 2023-07-23 12:09:31 +0900
Processing by KittensController#index as HTML
  Rendering layout layouts/application.html.erb
  Rendering kittens/index.html.erb within layouts/application
  [1m[36mKitten Load (0.0ms)[0m  [1m[34mSELECT "kittens".* FROM "kittens"[0m
  ↳ app/views/kittens/index.html.erb:4
  Rendered kittens/index.html.erb within layouts/application (Duration: 1.4ms | Allocations: 1043)
  Rendered layout layouts/application.html.erb (Duration: 2.6ms | Allocations: 2711)
Completed 200 OK in 3ms (Views: 2.9ms | ActiveRecord: 0.3ms | Allocations: 3130)


Started GET "/kittens/new" for ::1 at 2023-07-23 12:13:09 +0900
Processing by KittensController#new as HTML
  Rendering layout layouts/application.html.erb
  Rendering kittens/new.html.erb within layouts/application
  Rendered kittens/_form.html.erb (Duration: 4.5ms | Allocations: 1717)
  Rendered kittens/new.html.erb within layouts/application (Duration: 5.5ms | Allocations: 2310)
  Rendered layout layouts/application.html.erb (Duration: 5.6ms | Allocations: 2397)
Completed 500 Internal Server Error in 12ms (ActiveRecord: 1.3ms | Allocations: 6517)


  
ActionView::SyntaxErrorInTemplate (Encountered a syntax error while rendering template: check <%= form_with(model: @kitten, url: kittens_path, html: { id: 'kitten-form', 'data-turbo': false }) local: true do |form| %>
  <%# if @kitten.errors.any? %>
    <%# <div id="error_explanation"> %>
      <%# <ul> %>
        <%# @kitten.errors.full_messages.each do |message| %>
          <%#li>= message</li>
        <%# end %>
      <%# </ul> %>
    <%# </div> %>
  <%# end %>

  <div class="field">
    <%= form.label :name %><br>
    <%= form.text_field :name %>
  </div>

  <div class="field">
    <%= form.label :age %><br>
    <%= form.text_field :age %>
  </div>

  <div class="field">
    <%= form.label :cuteness %><br>
    <%= form.text_field :cuteness %>
  </div>

  <div class="field">
    <%= form.label :softness %><br>
    <%= form.text_field :softness %>
  </div>

  <div class="actions">
    <%= form.button %>
  </div>
<% end %>

):
1:    <%= form_with(model: @kitten, url: kittens_path, html: { id: 'kitten-form', 'data-turbo': false }) local: true do |form| %>
2:      <%# if @kitten.errors.any? %>
3:        <%# <div id="error_explanation"> %>
4:          <%# <ul> %>
5:            <%# @kitten.errors.full_messages.each do |message| %>
6:              <%#li>= message</li>
7:            <%# end %>
8:          <%# </ul> %>
9:        <%# </div> %>
10:      <%# end %>
11:    
12:      <div class="field">
13:        <%= form.label :name %><br>
14:        <%= form.text_field :name %>
15:      </div>
16:    
17:      <div class="field">
18:        <%= form.label :age %><br>
19:        <%= form.text_field :age %>
20:      </div>
21:    
22:      <div class="field">
23:        <%= form.label :cuteness %><br>
24:        <%= form.text_field :cuteness %>
25:      </div>
26:    
27:      <div class="field">
28:        <%= form.label :softness %><br>
29:        <%= form.text_field :softness %>
30:      </div>
31:    
32:      <div class="actions">
33:        <%= form.button %>
34:      </div>
35:    <% end %>
  
app/views/kittens/_form.html.erb:1: syntax error, unexpected label, expecting `end'
app/views/kittens/_form.html.erb:37: syntax error, unexpected `end', expecting end-of-input
app/views/kittens/_form.html.erb:1: syntax error, unexpected label, expecting `end'
app/views/kittens/_form.html.erb:37: syntax error, unexpected `end', expecting end-of-input
app/views/kittens/_form.html.erb:1: syntax error, unexpected label, expecting `end'
app/views/kittens/_form.html.erb:37: syntax error, unexpected `end', expecting end-of-input
app/views/kittens/_form.html.erb:1: syntax error, unexpected label, expecting `end'
app/views/kittens/_form.html.erb:37: syntax error, unexpected `end', expecting end-of-input
app/views/kittens/_form.html.erb:1: syntax error, unexpected label, expecting `end'
app/views/kittens/_form.html.erb:37: syntax error, unexpected `end', expecting end-of-input
app/views/kittens/_form.html.erb:1: syntax error, unexpected label, expecting `end'
app/views/kittens/_form.html.erb:37: syntax error, unexpected `end', expecting end-of-input
app/views/kittens/new.html.erb:8
Started GET "/kittens/new" for ::1 at 2023-07-23 12:13:23 +0900
Processing by KittensController#new as HTML
  Rendering layout layouts/application.html.erb
  Rendering kittens/new.html.erb within layouts/application
  Rendered kittens/_form.html.erb (Duration: 4.8ms | Allocations: 1731)
  Rendered kittens/new.html.erb within layouts/application (Duration: 6.3ms | Allocations: 2344)
  Rendered layout layouts/application.html.erb (Duration: 22.1ms | Allocations: 15678)
Completed 200 OK in 27ms (Views: 25.6ms | ActiveRecord: 0.0ms | Allocations: 16637)


Started POST "/kittens" for ::1 at 2023-07-23 12:13:26 +0900
Processing by KittensController#create as HTML
  Parameters: {"authenticity_token"=>"[FILTERED]", "kitten"=>{"name"=>"a", "age"=>"", "cuteness"=>"", "softness"=>""}, "button"=>""}
  Rendering layout layouts/application.html.erb
  Rendering kittens/new.html.erb within layouts/application
  Rendered kittens/_form.html.erb (Duration: 2.3ms | Allocations: 2770)
  Rendered kittens/new.html.erb within layouts/application (Duration: 5.5ms | Allocations: 2865)
  Rendered layout layouts/application.html.erb (Duration: 7.0ms | Allocations: 4360)
Completed 200 OK in 9ms (Views: 7.7ms | ActiveRecord: 0.0ms | Allocations: 5650)


